


ARM Macro Assembler    Page 1 


    1 00000000         ;/*!
    2 00000000         ;    \file    mbl_startup_gdm32.s
    3 00000000         ;    \brief   start up file
    4 00000000         ;
    5 00000000         ;    \version 2021-10-30, V1.0.0, firmware for GD32W51x
    6 00000000         ;*/
    7 00000000         
    8 00000000         ;/*
    9 00000000         ;    Copyright (c) 2021, GigaDevice Semiconductor Inc.
   10 00000000         
   11 00000000         ;
   12 00000000         ;    Redistribution and use in source and binary forms, 
                       with or without modification,
   13 00000000         ;are permitted provided that the following conditions ar
                       e met:
   14 00000000         ;
   15 00000000         ;    1. Redistributions of source code must retain the a
                       bove copyright notice, this
   16 00000000         ;       list of conditions and the following disclaimer.
                       
   17 00000000         ;    2. Redistributions in binary form must reproduce th
                       e above copyright notice,
   18 00000000         ;       this list of conditions and the following discla
                       imer in the documentation
   19 00000000         ;       and/or other materials provided with the distrib
                       ution.
   20 00000000         ;    3. Neither the name of the copyright holder nor the
                        names of its contributors
   21 00000000         ;       may be used to endorse or promote products deriv
                       ed from this software without
   22 00000000         ;       specific prior written permission.
   23 00000000         ;
   24 00000000         ;    THIS SOFTWARE IS PROVIDED BY THE COPYRIGHT HOLDERS 
                       AND CONTRIBUTORS "AS IS"
   25 00000000         ;AND ANY EXPRESS OR IMPLIED WARRANTIES, INCLUDING, BUT N
                       OT LIMITED TO, THE IMPLIED
   26 00000000         ;WARRANTIES OF MERCHANTABILITY AND FITNESS FOR A PARTICU
                       LAR PURPOSE ARE DISCLAIMED.
   27 00000000         ;IN NO EVENT SHALL THE COPYRIGHT HOLDER OR CONTRIBUTORS 
                       BE LIABLE FOR ANY DIRECT,
   28 00000000         ;INDIRECT, INCIDENTAL, SPECIAL, EXEMPLARY, OR CONSEQUENT
                       IAL DAMAGES (INCLUDING, BUT
   29 00000000         ;NOT LIMITED TO, PROCUREMENT OF SUBSTITUTE GOODS OR SERV
                       ICES; LOSS OF USE, DATA, OR
   30 00000000         ;PROFITS; OR BUSINESS INTERRUPTION) HOWEVER CAUSED AND O
                       N ANY THEORY OF LIABILITY,
   31 00000000         ;WHETHER IN CONTRACT, STRICT LIABILITY, OR TORT (INCLUDI
                       NG NEGLIGENCE OR OTHERWISE)
   32 00000000         ;ARISING IN ANY WAY OUT OF THE USE OF THIS SOFTWARE, EVE
                       N IF ADVISED OF THE POSSIBILITY
   33 00000000         ;OF SUCH DAMAGE.
   34 00000000         ;*/
   35 00000000         
   36 00000000                 IMPORT           |Image$$ARM_LIB_STACKHEAP$$ZI$$
Limit|
   37 00000000         
   38 00000000                 PRESERVE8
   39 00000000                 THUMB
   40 00000000         



ARM Macro Assembler    Page 2 


   41 00000000         
   42 00000000         ; Vector Table Mapped to Address 0 at Reset
   43 00000000         
   44 00000000                 AREA             RESET, DATA, READONLY
   45 00000000                 EXPORT           __Vectors
   46 00000000                 EXPORT           __Vectors_End
   47 00000000                 EXPORT           __Vectors_Size
   48 00000000         
   49 00000000 00000000 
                       __Vectors
                               DCD              |Image$$ARM_LIB_STACKHEAP$$ZI$$
Limit| 
                                                            ; Top of Stack
   50 00000004 00000000        DCD              Reset_Handler ; Reset Handler
   51 00000008 00000000        DCD              NMI_Handler ; NMI Handler
   52 0000000C 00000000        DCD              HardFault_Handler ; Hard Fault 
                                                            Handler
   53 00000010 00000000        DCD              MemManage_Handler 
                                                            ; MPU Fault Handler
                                                            
   54 00000014 00000000        DCD              BusFault_Handler 
                                                            ; Bus Fault Handler
                                                            
   55 00000018 00000000        DCD              UsageFault_Handler ; Usage Faul
                                                            t Handler
   56 0000001C 00000000        DCD              SecureFault_Handler ; Secure Fa
                                                            ult Handler
   57 00000020 00000000        DCD              0           ; Reserved
   58 00000024 00000000        DCD              0           ; Reserved
   59 00000028 00000000        DCD              0           ; Reserved
   60 0000002C 00000000        DCD              SVC_Handler ; SVCall Handler
   61 00000030 00000000        DCD              DebugMon_Handler ; Debug Monito
                                                            r Handler
   62 00000034 00000000        DCD              0           ; Reserved
   63 00000038 00000000        DCD              PendSV_Handler ; PendSV Handler
                                                            
   64 0000003C 00000000        DCD              SysTick_Handler 
                                                            ; SysTick Handler
   65 00000040         
   66 00000040         ;               /* external interrupts handler */
   67 00000040 00000000        DCD              WWDGT_IRQHandler ; 16:Window Wa
                                                            tchdog Timer
   68 00000044 00000000        DCD              LVD_IRQHandler ; 17:LVD through
                                                             EXTI Line detect
   69 00000048 00000000        DCD              TAMPER_STAMP_IRQHandler ; 18:Ta
                                                            mper and TimeStamp 
                                                            through EXTI Line d
                                                            etect
   70 0000004C 00000000        DCD              RTC_WKUP_IRQHandler ; 19:RTC Wa
                                                            keup through EXTI L
                                                            ine
   71 00000050 00000000        DCD              FMC_IRQHandler ; 20:FMC
   72 00000054 00000000        DCD              RCU_IRQHandler ; 21:RCU
   73 00000058 00000000        DCD              EXTI0_IRQHandler 
                                                            ; 22:EXTI Line 0
   74 0000005C 00000000        DCD              EXTI1_IRQHandler 
                                                            ; 23:EXTI Line 1
   75 00000060 00000000        DCD              EXTI2_IRQHandler 
                                                            ; 24:EXTI Line 2



ARM Macro Assembler    Page 3 


   76 00000064 00000000        DCD              EXTI3_IRQHandler 
                                                            ; 25:EXTI Line 3
   77 00000068 00000000        DCD              EXTI4_IRQHandler 
                                                            ; 26:EXTI Line 4
   78 0000006C 00000000        DCD              DMA0_Channel0_IRQHandler 
                                                            ; 27:DMA0 Channel0
   79 00000070 00000000        DCD              DMA0_Channel1_IRQHandler 
                                                            ; 28:DMA0 Channel1
   80 00000074 00000000        DCD              DMA0_Channel2_IRQHandler 
                                                            ; 29:DMA0 Channel2
   81 00000078 00000000        DCD              DMA0_Channel3_IRQHandler 
                                                            ; 30:DMA0 Channel3
   82 0000007C 00000000        DCD              DMA0_Channel4_IRQHandler 
                                                            ; 31:DMA0 Channel4
   83 00000080 00000000        DCD              DMA0_Channel5_IRQHandler 
                                                            ; 32:DMA0 Channel5
   84 00000084 00000000        DCD              DMA0_Channel6_IRQHandler 
                                                            ; 33:DMA0 Channel6
   85 00000088 00000000        DCD              DMA0_Channel7_IRQHandler 
                                                            ; 34:DMA0 Channel7
   86 0000008C 00000000        DCD              ADC_IRQHandler ; 35:ADC
   87 00000090 00000000        DCD              TAMP_STAMP_S_IRQHandler ; 36:RT
                                                            C tamper security i
                                                            nterrupt
   88 00000094 00000000        DCD              RTC_WKUP_S_IRQHandler ; 37:RTC 
                                                            wakeup security int
                                                            errupt
   89 00000098 00000000        DCD              RTC_Alarm_S_IRQHandler ; 38:RTC
                                                             Alarm security int
                                                            errupt
   90 0000009C 00000000        DCD              EXTI5_9_IRQHandler 
                                                            ; 39:EXTI5 to EXTI9
                                                            
   91 000000A0 00000000        DCD              TIMER0_BRK_IRQHandler 
                                                            ; 40:TIMER0 Break
   92 000000A4 00000000        DCD              TIMER0_UP_IRQHandler 
                                                            ; 41:TIMER0 Update
   93 000000A8 00000000        DCD              TIMER0_CMT_IRQHandler ; 42:TIME
                                                            R0 Commutation
   94 000000AC 00000000        DCD              TIMER0_Channel_IRQHandler ; 43:
                                                            TIMER0 Channel Capt
                                                            ure Compare
   95 000000B0 00000000        DCD              TIMER1_IRQHandler ; 44:TIMER1
   96 000000B4 00000000        DCD              TIMER2_IRQHandler ; 45:TIMER2
   97 000000B8 00000000        DCD              TIMER3_IRQHandler ; 46:TIMER3
   98 000000BC 00000000        DCD              I2C0_EV_IRQHandler 
                                                            ; 47:I2C0 Event
   99 000000C0 00000000        DCD              I2C0_ER_IRQHandler 
                                                            ; 48:I2C0 Error
  100 000000C4 00000000        DCD              I2C1_EV_IRQHandler 
                                                            ; 49:I2C1 Event
  101 000000C8 00000000        DCD              I2C1_ER_IRQHandler 
                                                            ; 50:I2C1 Error
  102 000000CC 00000000        DCD              SPI0_IRQHandler ; 51:SPI0
  103 000000D0 00000000        DCD              SPI1_IRQHandler ; 52:SPI1/I2S1
  104 000000D4 00000000        DCD              USART0_IRQHandler ; 53:USART0
  105 000000D8 00000000        DCD              USART1_IRQHandler ; 54:USART1
  106 000000DC 00000000        DCD              USART2_IRQHandler ; 55:USART2
  107 000000E0 00000000        DCD              EXTI10_15_IRQHandler ; 56:EXTI1



ARM Macro Assembler    Page 4 


                                                            0 to EXTI15
  108 000000E4 00000000        DCD              RTC_Alarm_IRQHandler 
                                                            ; 57:RTC Alarm
  109 000000E8 00000000        DCD              PVM_IRQHandler 
                                                            ; 58:EXTI[18](PVMO)
                                                            
  110 000000EC 00000000        DCD              0           ; 59:Reserved
  111 000000F0 00000000        DCD              TIMER15_IRQHandler ; 60:TIMER15
                                                            
  112 000000F4 00000000        DCD              TIMER16_IRQHandler ; 61:TIMER16
                                                            
  113 000000F8 00000000        DCD              0           ; 62:Reserved
  114 000000FC 00000000        DCD              0           ; 63:Reserved
  115 00000100 00000000        DCD              0           ; 64:Reserved
  116 00000104 00000000        DCD              SDIO_IRQHandler ; 65:SDIO
  117 00000108 00000000        DCD              TIMER4_IRQHandler ; 66:TIMER4
  118 0000010C 00000000        DCD              I2C0_WKUP_IRQHandler 
                                                            ; 67:I2C0 Wakeup
  119 00000110 00000000        DCD              USART0_WKUP_IRQHandler 
                                                            ; 68:USART0 Wakeup
  120 00000114 00000000        DCD              USART2_WKUP_IRQHandler 
                                                            ; 69:USART2 Wakeup
  121 00000118 00000000        DCD              TIMER5_IRQHandler ; 70:TIMER5
  122 0000011C 00000000        DCD              0           ; 71:Reserved
  123 00000120 00000000        DCD              DMA1_Channel0_IRQHandler 
                                                            ; 72:DMA1 Channel0
  124 00000124 00000000        DCD              DMA1_Channel1_IRQHandler 
                                                            ; 73:DMA1 Channel1
  125 00000128 00000000        DCD              DMA1_Channel2_IRQHandler 
                                                            ; 74:DMA1 Channel2
  126 0000012C 00000000        DCD              DMA1_Channel3_IRQHandler 
                                                            ; 75:DMA1 Channel3
  127 00000130 00000000        DCD              DMA1_Channel4_IRQHandler 
                                                            ; 76:DMA1 Channel4
  128 00000134 00000000        DCD              DMA1_Channel5_IRQHandler 
                                                            ; 77:DMA1 Channel5
  129 00000138 00000000        DCD              DMA1_Channel6_IRQHandler 
                                                            ; 78:DMA1 Channel6
  130 0000013C 00000000        DCD              DMA1_Channel7_IRQHandler 
                                                            ; 79:DMA1 Channel7
  131 00000140 00000000        DCD              0           ; 80:Reserved
  132 00000144 00000000        DCD              0           ; 81:Reserved
  133 00000148 00000000        DCD              WLAN_WKUP_IRQHandler ; 82:WIFI1
                                                            1N wakeup interrupt
                                                            
  134 0000014C 00000000        DCD              USBFS_IRQHandler ; 83:USBFS glo
                                                            bal interrupt
  135 00000150 00000000        DCD              0           ; 84:Reserved
  136 00000154 00000000        DCD              0           ; 85:Reserved
  137 00000158 00000000        DCD              0           ; 86:Reserved
  138 0000015C 00000000        DCD              0           ; 87:Reserved
  139 00000160 00000000        DCD              0           ; 88:Reserved
  140 00000164 00000000        DCD              0           ; 89:Reserved
  141 00000168 00000000        DCD              0           ; 90:Reserved
  142 0000016C 00000000        DCD              0           ; 91:Reserved
  143 00000170 00000000        DCD              USBFS_WKUP_IRQHandler 
                                                            ; 92:USBFS_WKUP
  144 00000174 00000000        DCD              0           ; 93:Reserved
  145 00000178 00000000        DCD              DCI_IRHandler ; 94:DCI



ARM Macro Assembler    Page 5 


  146 0000017C 00000000        DCD              CAU_IRQHandler ; 95:CAU
  147 00000180 00000000        DCD              HAU_TRNG_IRQHandler 
                                                            ; 96:HAU and TRNG
  148 00000184 00000000        DCD              FPU_IRQHandler ; 97:FPU
  149 00000188 00000000        DCD              0           ; 98:Reserved
  150 0000018C 00000000        DCD              0           ; 99:Reserved
  151 00000190 00000000        DCD              0           ; 100:Reserved
  152 00000194 00000000        DCD              0           ; 101:Reserved
  153 00000198 00000000        DCD              0           ; 102:Reserved
  154 0000019C 00000000        DCD              0           ; 103:Reserved
  155 000001A0 00000000        DCD              0           ; 104:Reserved
  156 000001A4 00000000        DCD              HPDF_INT0_IRQHandler ; 105:HPDF
                                                             global Interrupt 0
                                                            
  157 000001A8 00000000        DCD              HPDF_INT1_IRQHandler ; 106:HPDF
                                                             global Interrupt 1
                                                            
  158 000001AC 00000000        DCD              WLAN_Rx_IRQHandler ; 107:WIFI11
                                                            N global interrupt0
                                                            
  159 000001B0 00000000        DCD              WLAN_Tx_IRQHandler ; 108:WIFI11
                                                            N global interrupt1
                                                            
  160 000001B4 00000000        DCD              WLAN_Cmn_IRQHandler ; 109:WIFI1
                                                            1N global interrupt
                                                            2
  161 000001B8 00000000        DCD              EFUSE_IRQHandler ; 110:EFUSE
  162 000001BC 00000000        DCD              QSPI_IRQHandler ; 111:QUADSPI1
  163 000001C0 00000000        DCD              PKCAU_IRQHandler ; 112:PKCAU
  164 000001C4 00000000        DCD              TSI_IRQHandler ; 113:TSI
  165 000001C8 00000000        DCD              ICACHE_IRQHandler ; 114:ICACHE
  166 000001CC 00000000        DCD              TZIAC_S_IRQHandler ; 115:TrustZ
                                                            one interrupt contr
                                                            oller secure interr
                                                            upts
  167 000001D0 00000000        DCD              FMC_S_IRQHandler ; 116:FMC
  168 000001D4 00000000        DCD              QSPI_S_IRQHandler ; 117:QSPI se
                                                            curity interrupt
  169 000001D8         
  170 000001D8         __Vectors_End
  171 000001D8         
  172 000001D8 000001D8 
                       __Vectors_Size
                               EQU              __Vectors_End - __Vectors
  173 000001D8         
  174 000001D8                 AREA             |.text|, CODE, READONLY
  175 00000000         
  176 00000000         ;/* reset Handler */
  177 00000000         Reset_Handler
                               PROC
  178 00000000                 EXPORT           Reset_Handler                  
      [WEAK]
  179 00000000                 IMPORT           SystemInit
  180 00000000                 IMPORT           __main
  181 00000000 4807            LDR              R0, =SystemInit
  182 00000002 4780            BLX              R0
  183 00000004 4807            LDR              R0, =__main
  184 00000006 4700            BX               R0
  185 00000008                 ENDP



ARM Macro Assembler    Page 6 


  186 00000008         
  187 00000008         ;/* dummy Exception Handlers */
  188 00000008         NMI_Handler
                               PROC
  189 00000008                 EXPORT           NMI_Handler                    
      [WEAK]
  190 00000008 E7FE            B                .
  191 0000000A                 ENDP
  193 0000000A         HardFault_Handler
                               PROC
  194 0000000A                 EXPORT           HardFault_Handler              
      [WEAK]
  195 0000000A E7FE            B                .
  196 0000000C                 ENDP
  198 0000000C         MemManage_Handler
                               PROC
  199 0000000C                 EXPORT           MemManage_Handler              
      [WEAK]
  200 0000000C E7FE            B                .
  201 0000000E                 ENDP
  203 0000000E         BusFault_Handler
                               PROC
  204 0000000E                 EXPORT           BusFault_Handler               
      [WEAK]
  205 0000000E E7FE            B                .
  206 00000010                 ENDP
  208 00000010         UsageFault_Handler
                               PROC
  209 00000010                 EXPORT           UsageFault_Handler             
      [WEAK]
  210 00000010 E7FE            B                .
  211 00000012                 ENDP
  213 00000012         SecureFault_Handler
                               PROC
  214 00000012                 EXPORT           SecureFault_Handler            
      [WEAK]
  215 00000012 E7FE            B                .
  216 00000014                 ENDP
  217 00000014         SVC_Handler
                               PROC
  218 00000014                 EXPORT           SVC_Handler                    
      [WEAK]
  219 00000014 E7FE            B                .
  220 00000016                 ENDP
  222 00000016         DebugMon_Handler
                               PROC
  223 00000016                 EXPORT           DebugMon_Handler               
      [WEAK]
  224 00000016 E7FE            B                .
  225 00000018                 ENDP
  227 00000018         PendSV_Handler
                               PROC
  228 00000018                 EXPORT           PendSV_Handler                 
      [WEAK]
  229 00000018 E7FE            B                .
  230 0000001A                 ENDP
  232 0000001A         SysTick_Handler
                               PROC
  233 0000001A                 EXPORT           SysTick_Handler                



ARM Macro Assembler    Page 7 


      [WEAK]
  234 0000001A E7FE            B                .
  235 0000001C                 ENDP
  236 0000001C         
  237 0000001C         Default_Handler
                               PROC
  238 0000001C         ;               /* external interrupts handler */
  239 0000001C                 EXPORT           WWDGT_IRQHandler               
   [WEAK]
  240 0000001C                 EXPORT           LVD_IRQHandler                 
   [WEAK]
  241 0000001C                 EXPORT           TAMPER_STAMP_IRQHandler        
   [WEAK]
  242 0000001C                 EXPORT           RTC_WKUP_IRQHandler            
   [WEAK]
  243 0000001C                 EXPORT           FMC_IRQHandler                 
   [WEAK]
  244 0000001C                 EXPORT           RCU_IRQHandler                 
   [WEAK]
  245 0000001C                 EXPORT           EXTI0_IRQHandler               
   [WEAK]
  246 0000001C                 EXPORT           EXTI1_IRQHandler               
   [WEAK]
  247 0000001C                 EXPORT           EXTI2_IRQHandler               
   [WEAK]
  248 0000001C                 EXPORT           EXTI3_IRQHandler               
   [WEAK]
  249 0000001C                 EXPORT           EXTI4_IRQHandler               
   [WEAK]
  250 0000001C                 EXPORT           DMA0_Channel0_IRQHandler       
   [WEAK]
  251 0000001C                 EXPORT           DMA0_Channel1_IRQHandler       
   [WEAK]
  252 0000001C                 EXPORT           DMA0_Channel2_IRQHandler       
   [WEAK]
  253 0000001C                 EXPORT           DMA0_Channel3_IRQHandler       
   [WEAK]
  254 0000001C                 EXPORT           DMA0_Channel4_IRQHandler       
   [WEAK]
  255 0000001C                 EXPORT           DMA0_Channel5_IRQHandler       
   [WEAK]
  256 0000001C                 EXPORT           DMA0_Channel6_IRQHandler       
   [WEAK]
  257 0000001C                 EXPORT           DMA0_Channel7_IRQHandler       
   [WEAK]
  258 0000001C                 EXPORT           ADC_IRQHandler                 
   [WEAK]
  259 0000001C                 EXPORT           TAMP_STAMP_S_IRQHandler        
   [WEAK]
  260 0000001C                 EXPORT           RTC_WKUP_S_IRQHandler          
   [WEAK]
  261 0000001C                 EXPORT           RTC_Alarm_S_IRQHandler         
   [WEAK]
  262 0000001C                 EXPORT           EXTI5_9_IRQHandler             
   [WEAK]
  263 0000001C                 EXPORT           TIMER0_BRK_IRQHandler          
   [WEAK]
  264 0000001C                 EXPORT           TIMER0_UP_IRQHandler           
   [WEAK]



ARM Macro Assembler    Page 8 


  265 0000001C                 EXPORT           TIMER0_CMT_IRQHandler          
   [WEAK]
  266 0000001C                 EXPORT           TIMER0_Channel_IRQHandler      
   [WEAK]
  267 0000001C                 EXPORT           TIMER1_IRQHandler              
   [WEAK]
  268 0000001C                 EXPORT           TIMER2_IRQHandler              
   [WEAK]
  269 0000001C                 EXPORT           TIMER3_IRQHandler              
   [WEAK]
  270 0000001C                 EXPORT           I2C0_EV_IRQHandler             
   [WEAK]
  271 0000001C                 EXPORT           I2C0_ER_IRQHandler             
   [WEAK]
  272 0000001C                 EXPORT           I2C1_EV_IRQHandler             
   [WEAK]
  273 0000001C                 EXPORT           I2C1_ER_IRQHandler             
   [WEAK]
  274 0000001C                 EXPORT           SPI0_IRQHandler                
   [WEAK]
  275 0000001C                 EXPORT           SPI1_IRQHandler                
   [WEAK]
  276 0000001C                 EXPORT           USART0_IRQHandler              
   [WEAK]
  277 0000001C                 EXPORT           USART1_IRQHandler              
   [WEAK]
  278 0000001C                 EXPORT           USART2_IRQHandler              
   [WEAK]
  279 0000001C                 EXPORT           EXTI10_15_IRQHandler           
   [WEAK]
  280 0000001C                 EXPORT           RTC_Alarm_IRQHandler           
   [WEAK]
  281 0000001C                 EXPORT           PVM_IRQHandler                 
   [WEAK]
  282 0000001C                 EXPORT           TIMER15_IRQHandler             
   [WEAK]
  283 0000001C                 EXPORT           TIMER16_IRQHandler             
   [WEAK]
  284 0000001C                 EXPORT           SDIO_IRQHandler                
   [WEAK]
  285 0000001C                 EXPORT           TIMER4_IRQHandler              
   [WEAK]
  286 0000001C                 EXPORT           I2C0_WKUP_IRQHandler           
   [WEAK]
  287 0000001C                 EXPORT           USART0_WKUP_IRQHandler         
   [WEAK]
  288 0000001C                 EXPORT           USART2_WKUP_IRQHandler         
   [WEAK]
  289 0000001C                 EXPORT           TIMER5_IRQHandler              
   [WEAK]
  290 0000001C                 EXPORT           DMA1_Channel0_IRQHandler       
   [WEAK]
  291 0000001C                 EXPORT           DMA1_Channel1_IRQHandler       
   [WEAK]
  292 0000001C                 EXPORT           DMA1_Channel2_IRQHandler       
   [WEAK]
  293 0000001C                 EXPORT           DMA1_Channel3_IRQHandler       
   [WEAK]
  294 0000001C                 EXPORT           DMA1_Channel4_IRQHandler       



ARM Macro Assembler    Page 9 


   [WEAK]
  295 0000001C                 EXPORT           DMA1_Channel5_IRQHandler       
   [WEAK]
  296 0000001C                 EXPORT           DMA1_Channel6_IRQHandler       
   [WEAK]
  297 0000001C                 EXPORT           DMA1_Channel7_IRQHandler       
   [WEAK]
  298 0000001C                 EXPORT           WLAN_WKUP_IRQHandler           
   [WEAK]
  299 0000001C                 EXPORT           USBFS_IRQHandler               
   [WEAK]
  300 0000001C                 EXPORT           USBFS_WKUP_IRQHandler          
   [WEAK]
  301 0000001C                 EXPORT           DCI_IRHandler                  
   [WEAK]
  302 0000001C                 EXPORT           CAU_IRQHandler                 
   [WEAK]
  303 0000001C                 EXPORT           HAU_TRNG_IRQHandler            
   [WEAK]
  304 0000001C                 EXPORT           FPU_IRQHandler                 
   [WEAK]
  305 0000001C                 EXPORT           HPDF_INT0_IRQHandler           
   [WEAK]
  306 0000001C                 EXPORT           HPDF_INT1_IRQHandler           
   [WEAK]
  307 0000001C                 EXPORT           WLAN_Rx_IRQHandler             
   [WEAK]
  308 0000001C                 EXPORT           WLAN_Tx_IRQHandler             
   [WEAK]
  309 0000001C                 EXPORT           WLAN_Cmn_IRQHandler            
   [WEAK]
  310 0000001C                 EXPORT           EFUSE_IRQHandler               
   [WEAK]
  311 0000001C                 EXPORT           QSPI_IRQHandler                
   [WEAK]
  312 0000001C                 EXPORT           PKCAU_IRQHandler               
   [WEAK]
  313 0000001C                 EXPORT           TSI_IRQHandler                 
   [WEAK]
  314 0000001C                 EXPORT           ICACHE_IRQHandler              
   [WEAK]
  315 0000001C                 EXPORT           TZIAC_S_IRQHandler             
   [WEAK]
  316 0000001C                 EXPORT           FMC_S_IRQHandler               
   [WEAK]
  317 0000001C                 EXPORT           QSPI_S_IRQHandler              
   [WEAK]
  318 0000001C         
  319 0000001C         ;/* external interrupts handler */
  320 0000001C         WWDGT_IRQHandler
  321 0000001C         LVD_IRQHandler
  322 0000001C         TAMPER_STAMP_IRQHandler
  323 0000001C         RTC_WKUP_IRQHandler
  324 0000001C         FMC_IRQHandler
  325 0000001C         RCU_IRQHandler
  326 0000001C         EXTI0_IRQHandler
  327 0000001C         EXTI1_IRQHandler
  328 0000001C         EXTI2_IRQHandler
  329 0000001C         EXTI3_IRQHandler



ARM Macro Assembler    Page 10 


  330 0000001C         EXTI4_IRQHandler
  331 0000001C         DMA0_Channel0_IRQHandler
  332 0000001C         DMA0_Channel1_IRQHandler
  333 0000001C         DMA0_Channel2_IRQHandler
  334 0000001C         DMA0_Channel3_IRQHandler
  335 0000001C         DMA0_Channel4_IRQHandler
  336 0000001C         DMA0_Channel5_IRQHandler
  337 0000001C         DMA0_Channel6_IRQHandler
  338 0000001C         DMA0_Channel7_IRQHandler
  339 0000001C         ADC_IRQHandler
  340 0000001C         TAMP_STAMP_S_IRQHandler
  341 0000001C         RTC_WKUP_S_IRQHandler
  342 0000001C         RTC_Alarm_S_IRQHandler
  343 0000001C         EXTI5_9_IRQHandler
  344 0000001C         TIMER0_BRK_IRQHandler
  345 0000001C         TIMER0_UP_IRQHandler
  346 0000001C         TIMER0_CMT_IRQHandler
  347 0000001C         TIMER0_Channel_IRQHandler
  348 0000001C         TIMER1_IRQHandler
  349 0000001C         TIMER2_IRQHandler
  350 0000001C         TIMER3_IRQHandler
  351 0000001C         I2C0_EV_IRQHandler
  352 0000001C         I2C0_ER_IRQHandler
  353 0000001C         I2C1_EV_IRQHandler
  354 0000001C         I2C1_ER_IRQHandler
  355 0000001C         SPI0_IRQHandler
  356 0000001C         SPI1_IRQHandler
  357 0000001C         USART0_IRQHandler
  358 0000001C         USART1_IRQHandler
  359 0000001C         USART2_IRQHandler
  360 0000001C         EXTI10_15_IRQHandler
  361 0000001C         RTC_Alarm_IRQHandler
  362 0000001C         PVM_IRQHandler
  363 0000001C         TIMER15_IRQHandler
  364 0000001C         TIMER16_IRQHandler
  365 0000001C         SDIO_IRQHandler
  366 0000001C         TIMER4_IRQHandler
  367 0000001C         I2C0_WKUP_IRQHandler
  368 0000001C         USART0_WKUP_IRQHandler
  369 0000001C         USART2_WKUP_IRQHandler
  370 0000001C         TIMER5_IRQHandler
  371 0000001C         DMA1_Channel0_IRQHandler
  372 0000001C         DMA1_Channel1_IRQHandler
  373 0000001C         DMA1_Channel2_IRQHandler
  374 0000001C         DMA1_Channel3_IRQHandler
  375 0000001C         DMA1_Channel4_IRQHandler
  376 0000001C         DMA1_Channel5_IRQHandler
  377 0000001C         DMA1_Channel6_IRQHandler
  378 0000001C         DMA1_Channel7_IRQHandler
  379 0000001C         WLAN_WKUP_IRQHandler
  380 0000001C         USBFS_IRQHandler
  381 0000001C         USBFS_WKUP_IRQHandler
  382 0000001C         DCI_IRHandler
  383 0000001C         CAU_IRQHandler
  384 0000001C         HAU_TRNG_IRQHandler
  385 0000001C         FPU_IRQHandler
  386 0000001C         HPDF_INT0_IRQHandler
  387 0000001C         HPDF_INT1_IRQHandler
  388 0000001C         WLAN_Rx_IRQHandler



ARM Macro Assembler    Page 11 


  389 0000001C         WLAN_Tx_IRQHandler
  390 0000001C         WLAN_Cmn_IRQHandler
  391 0000001C         EFUSE_IRQHandler
  392 0000001C         QSPI_IRQHandler
  393 0000001C         PKCAU_IRQHandler
  394 0000001C         TSI_IRQHandler
  395 0000001C         ICACHE_IRQHandler
  396 0000001C         TZIAC_S_IRQHandler
  397 0000001C         FMC_S_IRQHandler
  398 0000001C         QSPI_S_IRQHandler
  399 0000001C E7FE            B                .
  400 0000001E         
  401 0000001E                 ENDP
  402 0000001E         
  403 0000001E         
  404 0000001E 00 00           ALIGN
  405 00000020         
  406 00000020                 END
              00000000 
              00000000 
Command Line: --debug --xref --diag_suppress=9931 --cpu=Cortex-M33 --fpu=FPv5-S
P --depend=.\mbl_ns\objects\mbl_startup_gdm32.d -o.\mbl_ns\objects\mbl_startup_
gdm32.o -I.\RTE\_Target_GDM32 -IC:\Users\Administrator\AppData\Local\Arm\Packs\
ARM\CMSIS\5.9.0\CMSIS\Core\Include -IC:\Users\Administrator\AppData\Local\Arm\P
acks\GigaDevice\GD32W51x_DFP\1.0.3\Device\Include --predefine="__MICROLIB SETA 
1" --predefine="__UVISION_VERSION SETA 527" --predefine="_RTE_ SETA 1" --list=.
\mbl_ns\listings\mbl_startup_gdm32.lst ..\..\platform\gdm32\armclang\mbl_startu
p_gdm32.s



ARM Macro Assembler    Page 1 Alphabetic symbol ordering
Relocatable symbols

RESET 00000000

Symbol: RESET
   Definitions
      At line 44 in file ..\..\platform\gdm32\armclang\mbl_startup_gdm32.s
   Uses
      None
Comment: RESET unused
__Vectors 00000000

Symbol: __Vectors
   Definitions
      At line 49 in file ..\..\platform\gdm32\armclang\mbl_startup_gdm32.s
   Uses
      At line 45 in file ..\..\platform\gdm32\armclang\mbl_startup_gdm32.s
      At line 172 in file ..\..\platform\gdm32\armclang\mbl_startup_gdm32.s

__Vectors_End 000001D8

Symbol: __Vectors_End
   Definitions
      At line 170 in file ..\..\platform\gdm32\armclang\mbl_startup_gdm32.s
   Uses
      At line 46 in file ..\..\platform\gdm32\armclang\mbl_startup_gdm32.s
      At line 172 in file ..\..\platform\gdm32\armclang\mbl_startup_gdm32.s

3 symbols



ARM Macro Assembler    Page 1 Alphabetic symbol ordering
Relocatable symbols

.text 00000000

Symbol: .text
   Definitions
      At line 174 in file ..\..\platform\gdm32\armclang\mbl_startup_gdm32.s
   Uses
      None
Comment: .text unused
ADC_IRQHandler 0000001C

Symbol: ADC_IRQHandler
   Definitions
      At line 339 in file ..\..\platform\gdm32\armclang\mbl_startup_gdm32.s
   Uses
      At line 86 in file ..\..\platform\gdm32\armclang\mbl_startup_gdm32.s
      At line 258 in file ..\..\platform\gdm32\armclang\mbl_startup_gdm32.s

BusFault_Handler 0000000E

Symbol: BusFault_Handler
   Definitions
      At line 203 in file ..\..\platform\gdm32\armclang\mbl_startup_gdm32.s
   Uses
      At line 54 in file ..\..\platform\gdm32\armclang\mbl_startup_gdm32.s
      At line 204 in file ..\..\platform\gdm32\armclang\mbl_startup_gdm32.s

CAU_IRQHandler 0000001C

Symbol: CAU_IRQHandler
   Definitions
      At line 383 in file ..\..\platform\gdm32\armclang\mbl_startup_gdm32.s
   Uses
      At line 146 in file ..\..\platform\gdm32\armclang\mbl_startup_gdm32.s
      At line 302 in file ..\..\platform\gdm32\armclang\mbl_startup_gdm32.s

DCI_IRHandler 0000001C

Symbol: DCI_IRHandler
   Definitions
      At line 382 in file ..\..\platform\gdm32\armclang\mbl_startup_gdm32.s
   Uses
      At line 145 in file ..\..\platform\gdm32\armclang\mbl_startup_gdm32.s
      At line 301 in file ..\..\platform\gdm32\armclang\mbl_startup_gdm32.s

DMA0_Channel0_IRQHandler 0000001C

Symbol: DMA0_Channel0_IRQHandler
   Definitions
      At line 331 in file ..\..\platform\gdm32\armclang\mbl_startup_gdm32.s
   Uses
      At line 78 in file ..\..\platform\gdm32\armclang\mbl_startup_gdm32.s
      At line 250 in file ..\..\platform\gdm32\armclang\mbl_startup_gdm32.s

DMA0_Channel1_IRQHandler 0000001C

Symbol: DMA0_Channel1_IRQHandler
   Definitions
      At line 332 in file ..\..\platform\gdm32\armclang\mbl_startup_gdm32.s
   Uses



ARM Macro Assembler    Page 2 Alphabetic symbol ordering
Relocatable symbols

      At line 79 in file ..\..\platform\gdm32\armclang\mbl_startup_gdm32.s
      At line 251 in file ..\..\platform\gdm32\armclang\mbl_startup_gdm32.s

DMA0_Channel2_IRQHandler 0000001C

Symbol: DMA0_Channel2_IRQHandler
   Definitions
      At line 333 in file ..\..\platform\gdm32\armclang\mbl_startup_gdm32.s
   Uses
      At line 80 in file ..\..\platform\gdm32\armclang\mbl_startup_gdm32.s
      At line 252 in file ..\..\platform\gdm32\armclang\mbl_startup_gdm32.s

DMA0_Channel3_IRQHandler 0000001C

Symbol: DMA0_Channel3_IRQHandler
   Definitions
      At line 334 in file ..\..\platform\gdm32\armclang\mbl_startup_gdm32.s
   Uses
      At line 81 in file ..\..\platform\gdm32\armclang\mbl_startup_gdm32.s
      At line 253 in file ..\..\platform\gdm32\armclang\mbl_startup_gdm32.s

DMA0_Channel4_IRQHandler 0000001C

Symbol: DMA0_Channel4_IRQHandler
   Definitions
      At line 335 in file ..\..\platform\gdm32\armclang\mbl_startup_gdm32.s
   Uses
      At line 82 in file ..\..\platform\gdm32\armclang\mbl_startup_gdm32.s
      At line 254 in file ..\..\platform\gdm32\armclang\mbl_startup_gdm32.s

DMA0_Channel5_IRQHandler 0000001C

Symbol: DMA0_Channel5_IRQHandler
   Definitions
      At line 336 in file ..\..\platform\gdm32\armclang\mbl_startup_gdm32.s
   Uses
      At line 83 in file ..\..\platform\gdm32\armclang\mbl_startup_gdm32.s
      At line 255 in file ..\..\platform\gdm32\armclang\mbl_startup_gdm32.s

DMA0_Channel6_IRQHandler 0000001C

Symbol: DMA0_Channel6_IRQHandler
   Definitions
      At line 337 in file ..\..\platform\gdm32\armclang\mbl_startup_gdm32.s
   Uses
      At line 84 in file ..\..\platform\gdm32\armclang\mbl_startup_gdm32.s
      At line 256 in file ..\..\platform\gdm32\armclang\mbl_startup_gdm32.s

DMA0_Channel7_IRQHandler 0000001C

Symbol: DMA0_Channel7_IRQHandler
   Definitions
      At line 338 in file ..\..\platform\gdm32\armclang\mbl_startup_gdm32.s
   Uses
      At line 85 in file ..\..\platform\gdm32\armclang\mbl_startup_gdm32.s
      At line 257 in file ..\..\platform\gdm32\armclang\mbl_startup_gdm32.s

DMA1_Channel0_IRQHandler 0000001C




ARM Macro Assembler    Page 3 Alphabetic symbol ordering
Relocatable symbols

Symbol: DMA1_Channel0_IRQHandler
   Definitions
      At line 371 in file ..\..\platform\gdm32\armclang\mbl_startup_gdm32.s
   Uses
      At line 123 in file ..\..\platform\gdm32\armclang\mbl_startup_gdm32.s
      At line 290 in file ..\..\platform\gdm32\armclang\mbl_startup_gdm32.s

DMA1_Channel1_IRQHandler 0000001C

Symbol: DMA1_Channel1_IRQHandler
   Definitions
      At line 372 in file ..\..\platform\gdm32\armclang\mbl_startup_gdm32.s
   Uses
      At line 124 in file ..\..\platform\gdm32\armclang\mbl_startup_gdm32.s
      At line 291 in file ..\..\platform\gdm32\armclang\mbl_startup_gdm32.s

DMA1_Channel2_IRQHandler 0000001C

Symbol: DMA1_Channel2_IRQHandler
   Definitions
      At line 373 in file ..\..\platform\gdm32\armclang\mbl_startup_gdm32.s
   Uses
      At line 125 in file ..\..\platform\gdm32\armclang\mbl_startup_gdm32.s
      At line 292 in file ..\..\platform\gdm32\armclang\mbl_startup_gdm32.s

DMA1_Channel3_IRQHandler 0000001C

Symbol: DMA1_Channel3_IRQHandler
   Definitions
      At line 374 in file ..\..\platform\gdm32\armclang\mbl_startup_gdm32.s
   Uses
      At line 126 in file ..\..\platform\gdm32\armclang\mbl_startup_gdm32.s
      At line 293 in file ..\..\platform\gdm32\armclang\mbl_startup_gdm32.s

DMA1_Channel4_IRQHandler 0000001C

Symbol: DMA1_Channel4_IRQHandler
   Definitions
      At line 375 in file ..\..\platform\gdm32\armclang\mbl_startup_gdm32.s
   Uses
      At line 127 in file ..\..\platform\gdm32\armclang\mbl_startup_gdm32.s
      At line 294 in file ..\..\platform\gdm32\armclang\mbl_startup_gdm32.s

DMA1_Channel5_IRQHandler 0000001C

Symbol: DMA1_Channel5_IRQHandler
   Definitions
      At line 376 in file ..\..\platform\gdm32\armclang\mbl_startup_gdm32.s
   Uses
      At line 128 in file ..\..\platform\gdm32\armclang\mbl_startup_gdm32.s
      At line 295 in file ..\..\platform\gdm32\armclang\mbl_startup_gdm32.s

DMA1_Channel6_IRQHandler 0000001C

Symbol: DMA1_Channel6_IRQHandler
   Definitions
      At line 377 in file ..\..\platform\gdm32\armclang\mbl_startup_gdm32.s
   Uses
      At line 129 in file ..\..\platform\gdm32\armclang\mbl_startup_gdm32.s



ARM Macro Assembler    Page 4 Alphabetic symbol ordering
Relocatable symbols

      At line 296 in file ..\..\platform\gdm32\armclang\mbl_startup_gdm32.s

DMA1_Channel7_IRQHandler 0000001C

Symbol: DMA1_Channel7_IRQHandler
   Definitions
      At line 378 in file ..\..\platform\gdm32\armclang\mbl_startup_gdm32.s
   Uses
      At line 130 in file ..\..\platform\gdm32\armclang\mbl_startup_gdm32.s
      At line 297 in file ..\..\platform\gdm32\armclang\mbl_startup_gdm32.s

DebugMon_Handler 00000016

Symbol: DebugMon_Handler
   Definitions
      At line 222 in file ..\..\platform\gdm32\armclang\mbl_startup_gdm32.s
   Uses
      At line 61 in file ..\..\platform\gdm32\armclang\mbl_startup_gdm32.s
      At line 223 in file ..\..\platform\gdm32\armclang\mbl_startup_gdm32.s

Default_Handler 0000001C

Symbol: Default_Handler
   Definitions
      At line 237 in file ..\..\platform\gdm32\armclang\mbl_startup_gdm32.s
   Uses
      None
Comment: Default_Handler unused
EFUSE_IRQHandler 0000001C

Symbol: EFUSE_IRQHandler
   Definitions
      At line 391 in file ..\..\platform\gdm32\armclang\mbl_startup_gdm32.s
   Uses
      At line 161 in file ..\..\platform\gdm32\armclang\mbl_startup_gdm32.s
      At line 310 in file ..\..\platform\gdm32\armclang\mbl_startup_gdm32.s

EXTI0_IRQHandler 0000001C

Symbol: EXTI0_IRQHandler
   Definitions
      At line 326 in file ..\..\platform\gdm32\armclang\mbl_startup_gdm32.s
   Uses
      At line 73 in file ..\..\platform\gdm32\armclang\mbl_startup_gdm32.s
      At line 245 in file ..\..\platform\gdm32\armclang\mbl_startup_gdm32.s

EXTI10_15_IRQHandler 0000001C

Symbol: EXTI10_15_IRQHandler
   Definitions
      At line 360 in file ..\..\platform\gdm32\armclang\mbl_startup_gdm32.s
   Uses
      At line 107 in file ..\..\platform\gdm32\armclang\mbl_startup_gdm32.s
      At line 279 in file ..\..\platform\gdm32\armclang\mbl_startup_gdm32.s

EXTI1_IRQHandler 0000001C

Symbol: EXTI1_IRQHandler
   Definitions



ARM Macro Assembler    Page 5 Alphabetic symbol ordering
Relocatable symbols

      At line 327 in file ..\..\platform\gdm32\armclang\mbl_startup_gdm32.s
   Uses
      At line 74 in file ..\..\platform\gdm32\armclang\mbl_startup_gdm32.s
      At line 246 in file ..\..\platform\gdm32\armclang\mbl_startup_gdm32.s

EXTI2_IRQHandler 0000001C

Symbol: EXTI2_IRQHandler
   Definitions
      At line 328 in file ..\..\platform\gdm32\armclang\mbl_startup_gdm32.s
   Uses
      At line 75 in file ..\..\platform\gdm32\armclang\mbl_startup_gdm32.s
      At line 247 in file ..\..\platform\gdm32\armclang\mbl_startup_gdm32.s

EXTI3_IRQHandler 0000001C

Symbol: EXTI3_IRQHandler
   Definitions
      At line 329 in file ..\..\platform\gdm32\armclang\mbl_startup_gdm32.s
   Uses
      At line 76 in file ..\..\platform\gdm32\armclang\mbl_startup_gdm32.s
      At line 248 in file ..\..\platform\gdm32\armclang\mbl_startup_gdm32.s

EXTI4_IRQHandler 0000001C

Symbol: EXTI4_IRQHandler
   Definitions
      At line 330 in file ..\..\platform\gdm32\armclang\mbl_startup_gdm32.s
   Uses
      At line 77 in file ..\..\platform\gdm32\armclang\mbl_startup_gdm32.s
      At line 249 in file ..\..\platform\gdm32\armclang\mbl_startup_gdm32.s

EXTI5_9_IRQHandler 0000001C

Symbol: EXTI5_9_IRQHandler
   Definitions
      At line 343 in file ..\..\platform\gdm32\armclang\mbl_startup_gdm32.s
   Uses
      At line 90 in file ..\..\platform\gdm32\armclang\mbl_startup_gdm32.s
      At line 262 in file ..\..\platform\gdm32\armclang\mbl_startup_gdm32.s

FMC_IRQHandler 0000001C

Symbol: FMC_IRQHandler
   Definitions
      At line 324 in file ..\..\platform\gdm32\armclang\mbl_startup_gdm32.s
   Uses
      At line 71 in file ..\..\platform\gdm32\armclang\mbl_startup_gdm32.s
      At line 243 in file ..\..\platform\gdm32\armclang\mbl_startup_gdm32.s

FMC_S_IRQHandler 0000001C

Symbol: FMC_S_IRQHandler
   Definitions
      At line 397 in file ..\..\platform\gdm32\armclang\mbl_startup_gdm32.s
   Uses
      At line 167 in file ..\..\platform\gdm32\armclang\mbl_startup_gdm32.s
      At line 316 in file ..\..\platform\gdm32\armclang\mbl_startup_gdm32.s




ARM Macro Assembler    Page 6 Alphabetic symbol ordering
Relocatable symbols

FPU_IRQHandler 0000001C

Symbol: FPU_IRQHandler
   Definitions
      At line 385 in file ..\..\platform\gdm32\armclang\mbl_startup_gdm32.s
   Uses
      At line 148 in file ..\..\platform\gdm32\armclang\mbl_startup_gdm32.s
      At line 304 in file ..\..\platform\gdm32\armclang\mbl_startup_gdm32.s

HAU_TRNG_IRQHandler 0000001C

Symbol: HAU_TRNG_IRQHandler
   Definitions
      At line 384 in file ..\..\platform\gdm32\armclang\mbl_startup_gdm32.s
   Uses
      At line 147 in file ..\..\platform\gdm32\armclang\mbl_startup_gdm32.s
      At line 303 in file ..\..\platform\gdm32\armclang\mbl_startup_gdm32.s

HPDF_INT0_IRQHandler 0000001C

Symbol: HPDF_INT0_IRQHandler
   Definitions
      At line 386 in file ..\..\platform\gdm32\armclang\mbl_startup_gdm32.s
   Uses
      At line 156 in file ..\..\platform\gdm32\armclang\mbl_startup_gdm32.s
      At line 305 in file ..\..\platform\gdm32\armclang\mbl_startup_gdm32.s

HPDF_INT1_IRQHandler 0000001C

Symbol: HPDF_INT1_IRQHandler
   Definitions
      At line 387 in file ..\..\platform\gdm32\armclang\mbl_startup_gdm32.s
   Uses
      At line 157 in file ..\..\platform\gdm32\armclang\mbl_startup_gdm32.s
      At line 306 in file ..\..\platform\gdm32\armclang\mbl_startup_gdm32.s

HardFault_Handler 0000000A

Symbol: HardFault_Handler
   Definitions
      At line 193 in file ..\..\platform\gdm32\armclang\mbl_startup_gdm32.s
   Uses
      At line 52 in file ..\..\platform\gdm32\armclang\mbl_startup_gdm32.s
      At line 194 in file ..\..\platform\gdm32\armclang\mbl_startup_gdm32.s

I2C0_ER_IRQHandler 0000001C

Symbol: I2C0_ER_IRQHandler
   Definitions
      At line 352 in file ..\..\platform\gdm32\armclang\mbl_startup_gdm32.s
   Uses
      At line 99 in file ..\..\platform\gdm32\armclang\mbl_startup_gdm32.s
      At line 271 in file ..\..\platform\gdm32\armclang\mbl_startup_gdm32.s

I2C0_EV_IRQHandler 0000001C

Symbol: I2C0_EV_IRQHandler
   Definitions
      At line 351 in file ..\..\platform\gdm32\armclang\mbl_startup_gdm32.s



ARM Macro Assembler    Page 7 Alphabetic symbol ordering
Relocatable symbols

   Uses
      At line 98 in file ..\..\platform\gdm32\armclang\mbl_startup_gdm32.s
      At line 270 in file ..\..\platform\gdm32\armclang\mbl_startup_gdm32.s

I2C0_WKUP_IRQHandler 0000001C

Symbol: I2C0_WKUP_IRQHandler
   Definitions
      At line 367 in file ..\..\platform\gdm32\armclang\mbl_startup_gdm32.s
   Uses
      At line 118 in file ..\..\platform\gdm32\armclang\mbl_startup_gdm32.s
      At line 286 in file ..\..\platform\gdm32\armclang\mbl_startup_gdm32.s

I2C1_ER_IRQHandler 0000001C

Symbol: I2C1_ER_IRQHandler
   Definitions
      At line 354 in file ..\..\platform\gdm32\armclang\mbl_startup_gdm32.s
   Uses
      At line 101 in file ..\..\platform\gdm32\armclang\mbl_startup_gdm32.s
      At line 273 in file ..\..\platform\gdm32\armclang\mbl_startup_gdm32.s

I2C1_EV_IRQHandler 0000001C

Symbol: I2C1_EV_IRQHandler
   Definitions
      At line 353 in file ..\..\platform\gdm32\armclang\mbl_startup_gdm32.s
   Uses
      At line 100 in file ..\..\platform\gdm32\armclang\mbl_startup_gdm32.s
      At line 272 in file ..\..\platform\gdm32\armclang\mbl_startup_gdm32.s

ICACHE_IRQHandler 0000001C

Symbol: ICACHE_IRQHandler
   Definitions
      At line 395 in file ..\..\platform\gdm32\armclang\mbl_startup_gdm32.s
   Uses
      At line 165 in file ..\..\platform\gdm32\armclang\mbl_startup_gdm32.s
      At line 314 in file ..\..\platform\gdm32\armclang\mbl_startup_gdm32.s

LVD_IRQHandler 0000001C

Symbol: LVD_IRQHandler
   Definitions
      At line 321 in file ..\..\platform\gdm32\armclang\mbl_startup_gdm32.s
   Uses
      At line 68 in file ..\..\platform\gdm32\armclang\mbl_startup_gdm32.s
      At line 240 in file ..\..\platform\gdm32\armclang\mbl_startup_gdm32.s

MemManage_Handler 0000000C

Symbol: MemManage_Handler
   Definitions
      At line 198 in file ..\..\platform\gdm32\armclang\mbl_startup_gdm32.s
   Uses
      At line 53 in file ..\..\platform\gdm32\armclang\mbl_startup_gdm32.s
      At line 199 in file ..\..\platform\gdm32\armclang\mbl_startup_gdm32.s

NMI_Handler 00000008



ARM Macro Assembler    Page 8 Alphabetic symbol ordering
Relocatable symbols


Symbol: NMI_Handler
   Definitions
      At line 188 in file ..\..\platform\gdm32\armclang\mbl_startup_gdm32.s
   Uses
      At line 51 in file ..\..\platform\gdm32\armclang\mbl_startup_gdm32.s
      At line 189 in file ..\..\platform\gdm32\armclang\mbl_startup_gdm32.s

PKCAU_IRQHandler 0000001C

Symbol: PKCAU_IRQHandler
   Definitions
      At line 393 in file ..\..\platform\gdm32\armclang\mbl_startup_gdm32.s
   Uses
      At line 163 in file ..\..\platform\gdm32\armclang\mbl_startup_gdm32.s
      At line 312 in file ..\..\platform\gdm32\armclang\mbl_startup_gdm32.s

PVM_IRQHandler 0000001C

Symbol: PVM_IRQHandler
   Definitions
      At line 362 in file ..\..\platform\gdm32\armclang\mbl_startup_gdm32.s
   Uses
      At line 109 in file ..\..\platform\gdm32\armclang\mbl_startup_gdm32.s
      At line 281 in file ..\..\platform\gdm32\armclang\mbl_startup_gdm32.s

PendSV_Handler 00000018

Symbol: PendSV_Handler
   Definitions
      At line 227 in file ..\..\platform\gdm32\armclang\mbl_startup_gdm32.s
   Uses
      At line 63 in file ..\..\platform\gdm32\armclang\mbl_startup_gdm32.s
      At line 228 in file ..\..\platform\gdm32\armclang\mbl_startup_gdm32.s

QSPI_IRQHandler 0000001C

Symbol: QSPI_IRQHandler
   Definitions
      At line 392 in file ..\..\platform\gdm32\armclang\mbl_startup_gdm32.s
   Uses
      At line 162 in file ..\..\platform\gdm32\armclang\mbl_startup_gdm32.s
      At line 311 in file ..\..\platform\gdm32\armclang\mbl_startup_gdm32.s

QSPI_S_IRQHandler 0000001C

Symbol: QSPI_S_IRQHandler
   Definitions
      At line 398 in file ..\..\platform\gdm32\armclang\mbl_startup_gdm32.s
   Uses
      At line 168 in file ..\..\platform\gdm32\armclang\mbl_startup_gdm32.s
      At line 317 in file ..\..\platform\gdm32\armclang\mbl_startup_gdm32.s

RCU_IRQHandler 0000001C

Symbol: RCU_IRQHandler
   Definitions
      At line 325 in file ..\..\platform\gdm32\armclang\mbl_startup_gdm32.s
   Uses



ARM Macro Assembler    Page 9 Alphabetic symbol ordering
Relocatable symbols

      At line 72 in file ..\..\platform\gdm32\armclang\mbl_startup_gdm32.s
      At line 244 in file ..\..\platform\gdm32\armclang\mbl_startup_gdm32.s

RTC_Alarm_IRQHandler 0000001C

Symbol: RTC_Alarm_IRQHandler
   Definitions
      At line 361 in file ..\..\platform\gdm32\armclang\mbl_startup_gdm32.s
   Uses
      At line 108 in file ..\..\platform\gdm32\armclang\mbl_startup_gdm32.s
      At line 280 in file ..\..\platform\gdm32\armclang\mbl_startup_gdm32.s

RTC_Alarm_S_IRQHandler 0000001C

Symbol: RTC_Alarm_S_IRQHandler
   Definitions
      At line 342 in file ..\..\platform\gdm32\armclang\mbl_startup_gdm32.s
   Uses
      At line 89 in file ..\..\platform\gdm32\armclang\mbl_startup_gdm32.s
      At line 261 in file ..\..\platform\gdm32\armclang\mbl_startup_gdm32.s

RTC_WKUP_IRQHandler 0000001C

Symbol: RTC_WKUP_IRQHandler
   Definitions
      At line 323 in file ..\..\platform\gdm32\armclang\mbl_startup_gdm32.s
   Uses
      At line 70 in file ..\..\platform\gdm32\armclang\mbl_startup_gdm32.s
      At line 242 in file ..\..\platform\gdm32\armclang\mbl_startup_gdm32.s

RTC_WKUP_S_IRQHandler 0000001C

Symbol: RTC_WKUP_S_IRQHandler
   Definitions
      At line 341 in file ..\..\platform\gdm32\armclang\mbl_startup_gdm32.s
   Uses
      At line 88 in file ..\..\platform\gdm32\armclang\mbl_startup_gdm32.s
      At line 260 in file ..\..\platform\gdm32\armclang\mbl_startup_gdm32.s

Reset_Handler 00000000

Symbol: Reset_Handler
   Definitions
      At line 177 in file ..\..\platform\gdm32\armclang\mbl_startup_gdm32.s
   Uses
      At line 50 in file ..\..\platform\gdm32\armclang\mbl_startup_gdm32.s
      At line 178 in file ..\..\platform\gdm32\armclang\mbl_startup_gdm32.s

SDIO_IRQHandler 0000001C

Symbol: SDIO_IRQHandler
   Definitions
      At line 365 in file ..\..\platform\gdm32\armclang\mbl_startup_gdm32.s
   Uses
      At line 116 in file ..\..\platform\gdm32\armclang\mbl_startup_gdm32.s
      At line 284 in file ..\..\platform\gdm32\armclang\mbl_startup_gdm32.s

SPI0_IRQHandler 0000001C




ARM Macro Assembler    Page 10 Alphabetic symbol ordering
Relocatable symbols

Symbol: SPI0_IRQHandler
   Definitions
      At line 355 in file ..\..\platform\gdm32\armclang\mbl_startup_gdm32.s
   Uses
      At line 102 in file ..\..\platform\gdm32\armclang\mbl_startup_gdm32.s
      At line 274 in file ..\..\platform\gdm32\armclang\mbl_startup_gdm32.s

SPI1_IRQHandler 0000001C

Symbol: SPI1_IRQHandler
   Definitions
      At line 356 in file ..\..\platform\gdm32\armclang\mbl_startup_gdm32.s
   Uses
      At line 103 in file ..\..\platform\gdm32\armclang\mbl_startup_gdm32.s
      At line 275 in file ..\..\platform\gdm32\armclang\mbl_startup_gdm32.s

SVC_Handler 00000014

Symbol: SVC_Handler
   Definitions
      At line 217 in file ..\..\platform\gdm32\armclang\mbl_startup_gdm32.s
   Uses
      At line 60 in file ..\..\platform\gdm32\armclang\mbl_startup_gdm32.s
      At line 218 in file ..\..\platform\gdm32\armclang\mbl_startup_gdm32.s

SecureFault_Handler 00000012

Symbol: SecureFault_Handler
   Definitions
      At line 213 in file ..\..\platform\gdm32\armclang\mbl_startup_gdm32.s
   Uses
      At line 56 in file ..\..\platform\gdm32\armclang\mbl_startup_gdm32.s
      At line 214 in file ..\..\platform\gdm32\armclang\mbl_startup_gdm32.s

SysTick_Handler 0000001A

Symbol: SysTick_Handler
   Definitions
      At line 232 in file ..\..\platform\gdm32\armclang\mbl_startup_gdm32.s
   Uses
      At line 64 in file ..\..\platform\gdm32\armclang\mbl_startup_gdm32.s
      At line 233 in file ..\..\platform\gdm32\armclang\mbl_startup_gdm32.s

TAMPER_STAMP_IRQHandler 0000001C

Symbol: TAMPER_STAMP_IRQHandler
   Definitions
      At line 322 in file ..\..\platform\gdm32\armclang\mbl_startup_gdm32.s
   Uses
      At line 69 in file ..\..\platform\gdm32\armclang\mbl_startup_gdm32.s
      At line 241 in file ..\..\platform\gdm32\armclang\mbl_startup_gdm32.s

TAMP_STAMP_S_IRQHandler 0000001C

Symbol: TAMP_STAMP_S_IRQHandler
   Definitions
      At line 340 in file ..\..\platform\gdm32\armclang\mbl_startup_gdm32.s
   Uses
      At line 87 in file ..\..\platform\gdm32\armclang\mbl_startup_gdm32.s



ARM Macro Assembler    Page 11 Alphabetic symbol ordering
Relocatable symbols

      At line 259 in file ..\..\platform\gdm32\armclang\mbl_startup_gdm32.s

TIMER0_BRK_IRQHandler 0000001C

Symbol: TIMER0_BRK_IRQHandler
   Definitions
      At line 344 in file ..\..\platform\gdm32\armclang\mbl_startup_gdm32.s
   Uses
      At line 91 in file ..\..\platform\gdm32\armclang\mbl_startup_gdm32.s
      At line 263 in file ..\..\platform\gdm32\armclang\mbl_startup_gdm32.s

TIMER0_CMT_IRQHandler 0000001C

Symbol: TIMER0_CMT_IRQHandler
   Definitions
      At line 346 in file ..\..\platform\gdm32\armclang\mbl_startup_gdm32.s
   Uses
      At line 93 in file ..\..\platform\gdm32\armclang\mbl_startup_gdm32.s
      At line 265 in file ..\..\platform\gdm32\armclang\mbl_startup_gdm32.s

TIMER0_Channel_IRQHandler 0000001C

Symbol: TIMER0_Channel_IRQHandler
   Definitions
      At line 347 in file ..\..\platform\gdm32\armclang\mbl_startup_gdm32.s
   Uses
      At line 94 in file ..\..\platform\gdm32\armclang\mbl_startup_gdm32.s
      At line 266 in file ..\..\platform\gdm32\armclang\mbl_startup_gdm32.s

TIMER0_UP_IRQHandler 0000001C

Symbol: TIMER0_UP_IRQHandler
   Definitions
      At line 345 in file ..\..\platform\gdm32\armclang\mbl_startup_gdm32.s
   Uses
      At line 92 in file ..\..\platform\gdm32\armclang\mbl_startup_gdm32.s
      At line 264 in file ..\..\platform\gdm32\armclang\mbl_startup_gdm32.s

TIMER15_IRQHandler 0000001C

Symbol: TIMER15_IRQHandler
   Definitions
      At line 363 in file ..\..\platform\gdm32\armclang\mbl_startup_gdm32.s
   Uses
      At line 111 in file ..\..\platform\gdm32\armclang\mbl_startup_gdm32.s
      At line 282 in file ..\..\platform\gdm32\armclang\mbl_startup_gdm32.s

TIMER16_IRQHandler 0000001C

Symbol: TIMER16_IRQHandler
   Definitions
      At line 364 in file ..\..\platform\gdm32\armclang\mbl_startup_gdm32.s
   Uses
      At line 112 in file ..\..\platform\gdm32\armclang\mbl_startup_gdm32.s
      At line 283 in file ..\..\platform\gdm32\armclang\mbl_startup_gdm32.s

TIMER1_IRQHandler 0000001C

Symbol: TIMER1_IRQHandler



ARM Macro Assembler    Page 12 Alphabetic symbol ordering
Relocatable symbols

   Definitions
      At line 348 in file ..\..\platform\gdm32\armclang\mbl_startup_gdm32.s
   Uses
      At line 95 in file ..\..\platform\gdm32\armclang\mbl_startup_gdm32.s
      At line 267 in file ..\..\platform\gdm32\armclang\mbl_startup_gdm32.s

TIMER2_IRQHandler 0000001C

Symbol: TIMER2_IRQHandler
   Definitions
      At line 349 in file ..\..\platform\gdm32\armclang\mbl_startup_gdm32.s
   Uses
      At line 96 in file ..\..\platform\gdm32\armclang\mbl_startup_gdm32.s
      At line 268 in file ..\..\platform\gdm32\armclang\mbl_startup_gdm32.s

TIMER3_IRQHandler 0000001C

Symbol: TIMER3_IRQHandler
   Definitions
      At line 350 in file ..\..\platform\gdm32\armclang\mbl_startup_gdm32.s
   Uses
      At line 97 in file ..\..\platform\gdm32\armclang\mbl_startup_gdm32.s
      At line 269 in file ..\..\platform\gdm32\armclang\mbl_startup_gdm32.s

TIMER4_IRQHandler 0000001C

Symbol: TIMER4_IRQHandler
   Definitions
      At line 366 in file ..\..\platform\gdm32\armclang\mbl_startup_gdm32.s
   Uses
      At line 117 in file ..\..\platform\gdm32\armclang\mbl_startup_gdm32.s
      At line 285 in file ..\..\platform\gdm32\armclang\mbl_startup_gdm32.s

TIMER5_IRQHandler 0000001C

Symbol: TIMER5_IRQHandler
   Definitions
      At line 370 in file ..\..\platform\gdm32\armclang\mbl_startup_gdm32.s
   Uses
      At line 121 in file ..\..\platform\gdm32\armclang\mbl_startup_gdm32.s
      At line 289 in file ..\..\platform\gdm32\armclang\mbl_startup_gdm32.s

TSI_IRQHandler 0000001C

Symbol: TSI_IRQHandler
   Definitions
      At line 394 in file ..\..\platform\gdm32\armclang\mbl_startup_gdm32.s
   Uses
      At line 164 in file ..\..\platform\gdm32\armclang\mbl_startup_gdm32.s
      At line 313 in file ..\..\platform\gdm32\armclang\mbl_startup_gdm32.s

TZIAC_S_IRQHandler 0000001C

Symbol: TZIAC_S_IRQHandler
   Definitions
      At line 396 in file ..\..\platform\gdm32\armclang\mbl_startup_gdm32.s
   Uses
      At line 166 in file ..\..\platform\gdm32\armclang\mbl_startup_gdm32.s
      At line 315 in file ..\..\platform\gdm32\armclang\mbl_startup_gdm32.s



ARM Macro Assembler    Page 13 Alphabetic symbol ordering
Relocatable symbols


USART0_IRQHandler 0000001C

Symbol: USART0_IRQHandler
   Definitions
      At line 357 in file ..\..\platform\gdm32\armclang\mbl_startup_gdm32.s
   Uses
      At line 104 in file ..\..\platform\gdm32\armclang\mbl_startup_gdm32.s
      At line 276 in file ..\..\platform\gdm32\armclang\mbl_startup_gdm32.s

USART0_WKUP_IRQHandler 0000001C

Symbol: USART0_WKUP_IRQHandler
   Definitions
      At line 368 in file ..\..\platform\gdm32\armclang\mbl_startup_gdm32.s
   Uses
      At line 119 in file ..\..\platform\gdm32\armclang\mbl_startup_gdm32.s
      At line 287 in file ..\..\platform\gdm32\armclang\mbl_startup_gdm32.s

USART1_IRQHandler 0000001C

Symbol: USART1_IRQHandler
   Definitions
      At line 358 in file ..\..\platform\gdm32\armclang\mbl_startup_gdm32.s
   Uses
      At line 105 in file ..\..\platform\gdm32\armclang\mbl_startup_gdm32.s
      At line 277 in file ..\..\platform\gdm32\armclang\mbl_startup_gdm32.s

USART2_IRQHandler 0000001C

Symbol: USART2_IRQHandler
   Definitions
      At line 359 in file ..\..\platform\gdm32\armclang\mbl_startup_gdm32.s
   Uses
      At line 106 in file ..\..\platform\gdm32\armclang\mbl_startup_gdm32.s
      At line 278 in file ..\..\platform\gdm32\armclang\mbl_startup_gdm32.s

USART2_WKUP_IRQHandler 0000001C

Symbol: USART2_WKUP_IRQHandler
   Definitions
      At line 369 in file ..\..\platform\gdm32\armclang\mbl_startup_gdm32.s
   Uses
      At line 120 in file ..\..\platform\gdm32\armclang\mbl_startup_gdm32.s
      At line 288 in file ..\..\platform\gdm32\armclang\mbl_startup_gdm32.s

USBFS_IRQHandler 0000001C

Symbol: USBFS_IRQHandler
   Definitions
      At line 380 in file ..\..\platform\gdm32\armclang\mbl_startup_gdm32.s
   Uses
      At line 134 in file ..\..\platform\gdm32\armclang\mbl_startup_gdm32.s
      At line 299 in file ..\..\platform\gdm32\armclang\mbl_startup_gdm32.s

USBFS_WKUP_IRQHandler 0000001C

Symbol: USBFS_WKUP_IRQHandler
   Definitions



ARM Macro Assembler    Page 14 Alphabetic symbol ordering
Relocatable symbols

      At line 381 in file ..\..\platform\gdm32\armclang\mbl_startup_gdm32.s
   Uses
      At line 143 in file ..\..\platform\gdm32\armclang\mbl_startup_gdm32.s
      At line 300 in file ..\..\platform\gdm32\armclang\mbl_startup_gdm32.s

UsageFault_Handler 00000010

Symbol: UsageFault_Handler
   Definitions
      At line 208 in file ..\..\platform\gdm32\armclang\mbl_startup_gdm32.s
   Uses
      At line 55 in file ..\..\platform\gdm32\armclang\mbl_startup_gdm32.s
      At line 209 in file ..\..\platform\gdm32\armclang\mbl_startup_gdm32.s

WLAN_Cmn_IRQHandler 0000001C

Symbol: WLAN_Cmn_IRQHandler
   Definitions
      At line 390 in file ..\..\platform\gdm32\armclang\mbl_startup_gdm32.s
   Uses
      At line 160 in file ..\..\platform\gdm32\armclang\mbl_startup_gdm32.s
      At line 309 in file ..\..\platform\gdm32\armclang\mbl_startup_gdm32.s

WLAN_Rx_IRQHandler 0000001C

Symbol: WLAN_Rx_IRQHandler
   Definitions
      At line 388 in file ..\..\platform\gdm32\armclang\mbl_startup_gdm32.s
   Uses
      At line 158 in file ..\..\platform\gdm32\armclang\mbl_startup_gdm32.s
      At line 307 in file ..\..\platform\gdm32\armclang\mbl_startup_gdm32.s

WLAN_Tx_IRQHandler 0000001C

Symbol: WLAN_Tx_IRQHandler
   Definitions
      At line 389 in file ..\..\platform\gdm32\armclang\mbl_startup_gdm32.s
   Uses
      At line 159 in file ..\..\platform\gdm32\armclang\mbl_startup_gdm32.s
      At line 308 in file ..\..\platform\gdm32\armclang\mbl_startup_gdm32.s

WLAN_WKUP_IRQHandler 0000001C

Symbol: WLAN_WKUP_IRQHandler
   Definitions
      At line 379 in file ..\..\platform\gdm32\armclang\mbl_startup_gdm32.s
   Uses
      At line 133 in file ..\..\platform\gdm32\armclang\mbl_startup_gdm32.s
      At line 298 in file ..\..\platform\gdm32\armclang\mbl_startup_gdm32.s

WWDGT_IRQHandler 0000001C

Symbol: WWDGT_IRQHandler
   Definitions
      At line 320 in file ..\..\platform\gdm32\armclang\mbl_startup_gdm32.s
   Uses
      At line 67 in file ..\..\platform\gdm32\armclang\mbl_startup_gdm32.s
      At line 239 in file ..\..\platform\gdm32\armclang\mbl_startup_gdm32.s




ARM Macro Assembler    Page 15 Alphabetic symbol ordering
Relocatable symbols

92 symbols



ARM Macro Assembler    Page 1 Alphabetic symbol ordering
Absolute symbols

__Vectors_Size 000001D8

Symbol: __Vectors_Size
   Definitions
      At line 172 in file ..\..\platform\gdm32\armclang\mbl_startup_gdm32.s
   Uses
      At line 47 in file ..\..\platform\gdm32\armclang\mbl_startup_gdm32.s
Comment: __Vectors_Size used once
1 symbol



ARM Macro Assembler    Page 1 Alphabetic symbol ordering
External symbols

Image$$ARM_LIB_STACKHEAP$$ZI$$Limit 00000000

Symbol: Image$$ARM_LIB_STACKHEAP$$ZI$$Limit
   Definitions
      At line 36 in file ..\..\platform\gdm32\armclang\mbl_startup_gdm32.s
   Uses
      At line 49 in file ..\..\platform\gdm32\armclang\mbl_startup_gdm32.s
Comment: Image$$ARM_LIB_STACKHEAP$$ZI$$Limit used once
SystemInit 00000000

Symbol: SystemInit
   Definitions
      At line 179 in file ..\..\platform\gdm32\armclang\mbl_startup_gdm32.s
   Uses
      At line 181 in file ..\..\platform\gdm32\armclang\mbl_startup_gdm32.s
Comment: SystemInit used once
__main 00000000

Symbol: __main
   Definitions
      At line 180 in file ..\..\platform\gdm32\armclang\mbl_startup_gdm32.s
   Uses
      At line 183 in file ..\..\platform\gdm32\armclang\mbl_startup_gdm32.s
Comment: __main used once
3 symbols
435 symbols in table
