


ARM Macro Assembler    Page 1 


    1 00000000         ;/*!
    2 00000000         ;    \file    startup_gd32w51x.s
    3 00000000         ;    \brief   start up file
    4 00000000         ;
    5 00000000         ;    \version 2021-10-30, V1.0.0, firmware for GD32W51x
    6 00000000         ;*/
    7 00000000         ;
    8 00000000         ;/*
    9 00000000         ; * Copyright (c) 2009-2019 ARM Limited. All rights rese
                       rved.
   10 00000000         ; * Copyright (c) 2021, GigaDevice Semiconductor Inc.
   11 00000000         ; *
   12 00000000         ; * SPDX-License-Identifier: Apache-2.0
   13 00000000         ; *
   14 00000000         ; * Licensed under the Apache License, Version 2.0 (the 
                       License); you may
   15 00000000         ; * not use this file except in compliance with the Lice
                       nse.
   16 00000000         ; * You may obtain a copy of the License at
   17 00000000         ; *
   18 00000000         ; * www.apache.org/licenses/LICENSE-2.0
   19 00000000         ; *
   20 00000000         ; * Unless required by applicable law or agreed to in wr
                       iting, software
   21 00000000         ; * distributed under the License is distributed on an A
                       S IS BASIS, WITHOUT
   22 00000000         ; * WARRANTIES OR CONDITIONS OF ANY KIND, either express
                        or implied.
   23 00000000         ; * See the License for the specific language governing 
                       permissions and
   24 00000000         ; * limitations under the License.
   25 00000000         ; */
   26 00000000         ;
   27 00000000         ;/* This file refers the CMSIS standard, some adjustment
                       s are made according to GigaDevice chips */
   28 00000000         
   29 00000000         ; <h> Stack Configuration
   30 00000000         ;   <o> Stack Size (in Bytes) <0x0-0xFFFFFFFF:8>
   31 00000000         ; </h>
   32 00000000         
   33 00000000 00000400 
                       Stack_Size
                               EQU              0x00000400
   34 00000000         
   35 00000000                 AREA             STACK, NOINIT, READWRITE, ALIGN
=3
   36 00000000         Stack_Mem
                               SPACE            Stack_Size
   37 00000400         __initial_sp
   38 00000400         
   39 00000400         
   40 00000400         ; <h> Heap Configuration
   41 00000400         ;   <o>  Heap Size (in Bytes) <0x0-0xFFFFFFFF:8>
   42 00000400         ; </h>
   43 00000400         
   44 00000400 00000400 
                       Heap_Size
                               EQU              0x00000400
   45 00000400         



ARM Macro Assembler    Page 2 


   46 00000400                 AREA             HEAP, NOINIT, READWRITE, ALIGN=
3
   47 00000000         __heap_base
   48 00000000         Heap_Mem
                               SPACE            Heap_Size
   49 00000400         __heap_limit
   50 00000400         
   51 00000400                 PRESERVE8
   52 00000400                 THUMB
   53 00000400         
   54 00000400         ;               /* reset Vector Mapped to at Address 0 *
                       /
   55 00000400                 AREA             RESET, DATA, READONLY
   56 00000000                 EXPORT           __Vectors
   57 00000000                 EXPORT           __Vectors_End
   58 00000000                 EXPORT           __Vectors_Size
   59 00000000         
   60 00000000 00000000 
                       __Vectors
                               DCD              __initial_sp ; Top of Stack
   61 00000004 00000000        DCD              Reset_Handler ; Reset Handler
   62 00000008 00000000        DCD              NMI_Handler ; NMI Handler
   63 0000000C 00000000        DCD              HardFault_Handler ; Hard Fault 
                                                            Handler
   64 00000010 00000000        DCD              MemManage_Handler 
                                                            ; MPU Fault Handler
                                                            
   65 00000014 00000000        DCD              BusFault_Handler 
                                                            ; Bus Fault Handler
                                                            
   66 00000018 00000000        DCD              UsageFault_Handler ; Usage Faul
                                                            t Handler
   67 0000001C 00000000        DCD              SecureFault_Handler ; Secure Fa
                                                            ult Handler
   68 00000020 00000000        DCD              0           ; Reserved
   69 00000024 00000000        DCD              0           ; Reserved
   70 00000028 00000000        DCD              0           ; Reserved
   71 0000002C 00000000        DCD              SVC_Handler ; SVCall Handler
   72 00000030 00000000        DCD              DebugMon_Handler ; Debug Monito
                                                            r Handler
   73 00000034 00000000        DCD              0           ; Reserved
   74 00000038 00000000        DCD              PendSV_Handler ; PendSV Handler
                                                            
   75 0000003C 00000000        DCD              SysTick_Handler 
                                                            ; SysTick Handler
   76 00000040         
   77 00000040         ;               /* external interrupts handler */
   78 00000040 00000000        DCD              WWDGT_IRQHandler ; 16:Window Wa
                                                            tchdog Timer
   79 00000044 00000000        DCD              LVD_IRQHandler ; 17:LVD through
                                                             EXTI Line detect
   80 00000048 00000000        DCD              TAMPER_STAMP_IRQHandler ; 18:Ta
                                                            mper and TimeStamp 
                                                            through EXTI Line d
                                                            etect
   81 0000004C 00000000        DCD              RTC_WKUP_IRQHandler ; 19:RTC Wa
                                                            keup through EXTI L
                                                            ine
   82 00000050 00000000        DCD              FMC_IRQHandler ; 20:FMC



ARM Macro Assembler    Page 3 


   83 00000054 00000000        DCD              RCU_IRQHandler ; 21:RCU
   84 00000058 00000000        DCD              EXTI0_IRQHandler 
                                                            ; 22:EXTI Line 0
   85 0000005C 00000000        DCD              EXTI1_IRQHandler 
                                                            ; 23:EXTI Line 1
   86 00000060 00000000        DCD              EXTI2_IRQHandler 
                                                            ; 24:EXTI Line 2
   87 00000064 00000000        DCD              EXTI3_IRQHandler 
                                                            ; 25:EXTI Line 3
   88 00000068 00000000        DCD              EXTI4_IRQHandler 
                                                            ; 26:EXTI Line 4
   89 0000006C 00000000        DCD              DMA0_Channel0_IRQHandler 
                                                            ; 27:DMA0 Channel0
   90 00000070 00000000        DCD              DMA0_Channel1_IRQHandler 
                                                            ; 28:DMA0 Channel1
   91 00000074 00000000        DCD              DMA0_Channel2_IRQHandler 
                                                            ; 29:DMA0 Channel2
   92 00000078 00000000        DCD              DMA0_Channel3_IRQHandler 
                                                            ; 30:DMA0 Channel3
   93 0000007C 00000000        DCD              DMA0_Channel4_IRQHandler 
                                                            ; 31:DMA0 Channel4
   94 00000080 00000000        DCD              DMA0_Channel5_IRQHandler 
                                                            ; 32:DMA0 Channel5
   95 00000084 00000000        DCD              DMA0_Channel6_IRQHandler 
                                                            ; 33:DMA0 Channel6
   96 00000088 00000000        DCD              DMA0_Channel7_IRQHandler 
                                                            ; 34:DMA0 Channel7
   97 0000008C 00000000        DCD              ADC_IRQHandler ; 35:ADC
   98 00000090 00000000        DCD              TAMPER_STAMP_S_IRQHandler ; 36:
                                                            RTC Tamper and Time
                                                            Stamp Events Securi
                                                            ty Interrupt
   99 00000094 00000000        DCD              RTC_WKUP_S_IRQHandler ; 37:RTC 
                                                            Wakeup Security Int
                                                            errupt
  100 00000098 00000000        DCD              RTC_Alarm_S_IRQHandler ; 38:RTC
                                                             Alarm Security Int
                                                            errupt
  101 0000009C 00000000        DCD              EXTI5_9_IRQHandler 
                                                            ; 39:EXTI5 to EXTI9
                                                            
  102 000000A0 00000000        DCD              TIMER0_BRK_IRQHandler 
                                                            ; 40:TIMER0 Break
  103 000000A4 00000000        DCD              TIMER0_UP_IRQHandler 
                                                            ; 41:TIMER0 Update
  104 000000A8 00000000        DCD              TIMER0_CMT_IRQHandler ; 42:TIME
                                                            R0 Commutation
  105 000000AC 00000000        DCD              TIMER0_Channel_IRQHandler ; 43:
                                                            TIMER0 Channel Capt
                                                            ure Compare
  106 000000B0 00000000        DCD              TIMER1_IRQHandler ; 44:TIMER1
  107 000000B4 00000000        DCD              TIMER2_IRQHandler ; 45:TIMER2
  108 000000B8 00000000        DCD              TIMER3_IRQHandler ; 46:TIMER3
  109 000000BC 00000000        DCD              I2C0_EV_IRQHandler 
                                                            ; 47:I2C0 Event
  110 000000C0 00000000        DCD              I2C0_ER_IRQHandler 
                                                            ; 48:I2C0 Error
  111 000000C4 00000000        DCD              I2C1_EV_IRQHandler 
                                                            ; 49:I2C1 Event



ARM Macro Assembler    Page 4 


  112 000000C8 00000000        DCD              I2C1_ER_IRQHandler 
                                                            ; 50:I2C1 Error
  113 000000CC 00000000        DCD              SPI0_IRQHandler ; 51:SPI0
  114 000000D0 00000000        DCD              SPI1_IRQHandler ; 52:SPI1/I2S1
  115 000000D4 00000000        DCD              USART0_IRQHandler ; 53:USART0
  116 000000D8 00000000        DCD              USART1_IRQHandler ; 54:USART1
  117 000000DC 00000000        DCD              USART2_IRQHandler ; 55:USART2
  118 000000E0 00000000        DCD              EXTI10_15_IRQHandler ; 56:EXTI1
                                                            0 to EXTI15
  119 000000E4 00000000        DCD              RTC_Alarm_IRQHandler 
                                                            ; 57:RTC Alarm
  120 000000E8 00000000        DCD              VLVDF_IRQHandler ; 58:VDDA Low 
                                                            Voltage Detector
  121 000000EC 00000000        DCD              0           ; 59:Reserved
  122 000000F0 00000000        DCD              TIMER15_IRQHandler ; 60:TIMER15
                                                            
  123 000000F4 00000000        DCD              TIMER16_IRQHandler ; 61:TIMER16
                                                            
  124 000000F8 00000000        DCD              0           ; 62:Reserved
  125 000000FC 00000000        DCD              0           ; 63:Reserved
  126 00000100 00000000        DCD              0           ; 64:Reserved
  127 00000104 00000000        DCD              SDIO_IRQHandler ; 65:SDIO
  128 00000108 00000000        DCD              TIMER4_IRQHandler ; 66:TIMER4
  129 0000010C 00000000        DCD              I2C0_WKUP_IRQHandler 
                                                            ; 67:I2C0 Wakeup
  130 00000110 00000000        DCD              USART0_WKUP_IRQHandler 
                                                            ; 68:USART0 Wakeup
  131 00000114 00000000        DCD              USART2_WKUP_IRQHandler 
                                                            ; 69:USART2 Wakeup
  132 00000118 00000000        DCD              TIMER5_IRQHandler ; 70:TIMER5
  133 0000011C 00000000        DCD              0           ; 71:Reserved
  134 00000120 00000000        DCD              DMA1_Channel0_IRQHandler 
                                                            ; 72:DMA1 Channel0
  135 00000124 00000000        DCD              DMA1_Channel1_IRQHandler 
                                                            ; 73:DMA1 Channel1
  136 00000128 00000000        DCD              DMA1_Channel2_IRQHandler 
                                                            ; 74:DMA1 Channel2
  137 0000012C 00000000        DCD              DMA1_Channel3_IRQHandler 
                                                            ; 75:DMA1 Channel3
  138 00000130 00000000        DCD              DMA1_Channel4_IRQHandler 
                                                            ; 76:DMA1 Channel4
  139 00000134 00000000        DCD              DMA1_Channel5_IRQHandler 
                                                            ; 77:DMA1 Channel5
  140 00000138 00000000        DCD              DMA1_Channel6_IRQHandler 
                                                            ; 78:DMA1 Channel6
  141 0000013C 00000000        DCD              DMA1_Channel7_IRQHandler 
                                                            ; 79:DMA1 Channel7
  142 00000140 00000000        DCD              0           ; 80:Reserved
  143 00000144 00000000        DCD              0           ; 81:Reserved
  144 00000148 00000000        DCD              WLAN_WKUP_IRQHandler ; 82:WIFI1
                                                            1N wakeup interrupt
                                                            
  145 0000014C 00000000        DCD              USBFS_IRQHandler ; 83:USBFS glo
                                                            bal interrupt
  146 00000150 00000000        DCD              0           ; 84:Reserved
  147 00000154 00000000        DCD              0           ; 85:Reserved
  148 00000158 00000000        DCD              0           ; 86:Reserved
  149 0000015C 00000000        DCD              0           ; 87:Reserved
  150 00000160 00000000        DCD              0           ; 88:Reserved



ARM Macro Assembler    Page 5 


  151 00000164 00000000        DCD              0           ; 89:Reserved
  152 00000168 00000000        DCD              0           ; 90:Reserved
  153 0000016C 00000000        DCD              0           ; 91:Reserved
  154 00000170 00000000        DCD              USBFS_WKUP_IRQHandler 
                                                            ; 92:USBFS_WKUP
  155 00000174 00000000        DCD              0           ; 93:Reserved
  156 00000178 00000000        DCD              DCI_IRQHandler ; 94:DCI
  157 0000017C 00000000        DCD              CAU_IRQHandler ; 95:CAU
  158 00000180 00000000        DCD              HAU_TRNG_IRQHandler 
                                                            ; 96:HAU and TRNG
  159 00000184 00000000        DCD              FPU_IRQHandler ; 97:FPU
  160 00000188 00000000        DCD              0           ; 98:Reserved
  161 0000018C 00000000        DCD              0           ; 99:Reserved
  162 00000190 00000000        DCD              0           ; 100:Reserved
  163 00000194 00000000        DCD              0           ; 101:Reserved
  164 00000198 00000000        DCD              0           ; 102:Reserved
  165 0000019C 00000000        DCD              0           ; 103:Reserved
  166 000001A0 00000000        DCD              0           ; 104:Reserved
  167 000001A4 00000000        DCD              HPDF_INT0_IRQHandler ; 105:HPDF
                                                             global Interrupt 0
                                                            
  168 000001A8 00000000        DCD              HPDF_INT1_IRQHandler ; 106:HPDF
                                                             global Interrupt 1
                                                            
  169 000001AC 00000000        DCD              WLAN_Rx_IRQHandler ; 107:WIFI11
                                                            N global interrupt0
                                                            
  170 000001B0 00000000        DCD              WLAN_Tx_IRQHandler ; 108:WIFI11
                                                            N global interrupt1
                                                            
  171 000001B4 00000000        DCD              WLAN_Cmn_IRQHandler ; 109:WIFI1
                                                            1N global interrupt
                                                            2
  172 000001B8 00000000        DCD              EFUSE_IRQHandler ; 110:EFUSE
  173 000001BC 00000000        DCD              QSPI_IRQHandler ; 111:QUADSPI
  174 000001C0 00000000        DCD              PKCAU_IRQHandler ; 112:PKCAU
  175 000001C4 00000000        DCD              TSI_IRQHandler ; 113:TSI
  176 000001C8 00000000        DCD              ICACHE_IRQHandler ; 114:ICACHE
  177 000001CC 00000000        DCD              TZIAC_S_IRQHandler ; 115:TrustZ
                                                            one interrupt contr
                                                            oller secure interr
                                                            upts
  178 000001D0 00000000        DCD              FMC_S_IRQHandler ; 116:FMC
  179 000001D4 00000000        DCD              QSPI_S_IRQHandler ; 117:QSPI se
                                                            curity interrupt
  180 000001D8         
  181 000001D8         __Vectors_End
  182 000001D8         
  183 000001D8 000001D8 
                       __Vectors_Size
                               EQU              __Vectors_End - __Vectors
  184 000001D8         
  185 000001D8                 AREA             |.text|, CODE, READONLY
  186 00000000         
  187 00000000         ;/* reset Handler */
  188 00000000         Reset_Handler
                               PROC
  189 00000000                 EXPORT           Reset_Handler                  
      [WEAK]



ARM Macro Assembler    Page 6 


  190 00000000                 IMPORT           SystemInit
  191 00000000                 IMPORT           __main
  192 00000000 4807            LDR              R0, =SystemInit
  193 00000002 4780            BLX              R0
  194 00000004 4807            LDR              R0, =__main
  195 00000006 4700            BX               R0
  196 00000008                 ENDP
  197 00000008         
  198 00000008         ;/* dummy Exception Handlers */
  199 00000008         NMI_Handler
                               PROC
  200 00000008                 EXPORT           NMI_Handler                    
      [WEAK]
  201 00000008 E7FE            B                .
  202 0000000A                 ENDP
  204 0000000A         HardFault_Handler
                               PROC
  205 0000000A                 EXPORT           HardFault_Handler              
      [WEAK]
  206 0000000A E7FE            B                .
  207 0000000C                 ENDP
  209 0000000C         MemManage_Handler
                               PROC
  210 0000000C                 EXPORT           MemManage_Handler              
      [WEAK]
  211 0000000C E7FE            B                .
  212 0000000E                 ENDP
  214 0000000E         BusFault_Handler
                               PROC
  215 0000000E                 EXPORT           BusFault_Handler               
      [WEAK]
  216 0000000E E7FE            B                .
  217 00000010                 ENDP
  219 00000010         UsageFault_Handler
                               PROC
  220 00000010                 EXPORT           UsageFault_Handler             
      [WEAK]
  221 00000010 E7FE            B                .
  222 00000012                 ENDP
  224 00000012         SecureFault_Handler
                               PROC
  225 00000012                 EXPORT           SecureFault_Handler            
      [WEAK]
  226 00000012 E7FE            B                .
  227 00000014                 ENDP
  228 00000014         SVC_Handler
                               PROC
  229 00000014                 EXPORT           SVC_Handler                    
      [WEAK]
  230 00000014 E7FE            B                .
  231 00000016                 ENDP
  233 00000016         DebugMon_Handler
                               PROC
  234 00000016                 EXPORT           DebugMon_Handler               
      [WEAK]
  235 00000016 E7FE            B                .
  236 00000018                 ENDP
  238 00000018         PendSV_Handler
                               PROC



ARM Macro Assembler    Page 7 


  239 00000018                 EXPORT           PendSV_Handler                 
      [WEAK]
  240 00000018 E7FE            B                .
  241 0000001A                 ENDP
  243 0000001A         SysTick_Handler
                               PROC
  244 0000001A                 EXPORT           SysTick_Handler                
      [WEAK]
  245 0000001A E7FE            B                .
  246 0000001C                 ENDP
  247 0000001C         
  248 0000001C         Default_Handler
                               PROC
  249 0000001C         ;               /* external interrupts handler */
  250 0000001C                 EXPORT           WWDGT_IRQHandler               
   [WEAK]
  251 0000001C                 EXPORT           LVD_IRQHandler                 
   [WEAK]
  252 0000001C                 EXPORT           TAMPER_STAMP_IRQHandler        
   [WEAK]
  253 0000001C                 EXPORT           RTC_WKUP_IRQHandler            
   [WEAK]
  254 0000001C                 EXPORT           FMC_IRQHandler                 
   [WEAK]
  255 0000001C                 EXPORT           RCU_IRQHandler                 
   [WEAK]
  256 0000001C                 EXPORT           EXTI0_IRQHandler               
   [WEAK]
  257 0000001C                 EXPORT           EXTI1_IRQHandler               
   [WEAK]
  258 0000001C                 EXPORT           EXTI2_IRQHandler               
   [WEAK]
  259 0000001C                 EXPORT           EXTI3_IRQHandler               
   [WEAK]
  260 0000001C                 EXPORT           EXTI4_IRQHandler               
   [WEAK]
  261 0000001C                 EXPORT           DMA0_Channel0_IRQHandler       
   [WEAK]
  262 0000001C                 EXPORT           DMA0_Channel1_IRQHandler       
   [WEAK]
  263 0000001C                 EXPORT           DMA0_Channel2_IRQHandler       
   [WEAK]
  264 0000001C                 EXPORT           DMA0_Channel3_IRQHandler       
   [WEAK]
  265 0000001C                 EXPORT           DMA0_Channel4_IRQHandler       
   [WEAK]
  266 0000001C                 EXPORT           DMA0_Channel5_IRQHandler       
   [WEAK]
  267 0000001C                 EXPORT           DMA0_Channel6_IRQHandler       
   [WEAK]
  268 0000001C                 EXPORT           DMA0_Channel7_IRQHandler       
   [WEAK]
  269 0000001C                 EXPORT           ADC_IRQHandler                 
   [WEAK]
  270 0000001C                 EXPORT           TAMPER_STAMP_S_IRQHandler      
   [WEAK]
  271 0000001C                 EXPORT           RTC_WKUP_S_IRQHandler          
   [WEAK]
  272 0000001C                 EXPORT           RTC_Alarm_S_IRQHandler         



ARM Macro Assembler    Page 8 


   [WEAK]
  273 0000001C                 EXPORT           EXTI5_9_IRQHandler             
   [WEAK]
  274 0000001C                 EXPORT           TIMER0_BRK_IRQHandler          
   [WEAK]
  275 0000001C                 EXPORT           TIMER0_UP_IRQHandler           
   [WEAK]
  276 0000001C                 EXPORT           TIMER0_CMT_IRQHandler          
   [WEAK]
  277 0000001C                 EXPORT           TIMER0_Channel_IRQHandler      
   [WEAK]
  278 0000001C                 EXPORT           TIMER1_IRQHandler              
   [WEAK]
  279 0000001C                 EXPORT           TIMER2_IRQHandler              
   [WEAK]
  280 0000001C                 EXPORT           TIMER3_IRQHandler              
   [WEAK]
  281 0000001C                 EXPORT           I2C0_EV_IRQHandler             
   [WEAK]
  282 0000001C                 EXPORT           I2C0_ER_IRQHandler             
   [WEAK]
  283 0000001C                 EXPORT           I2C1_EV_IRQHandler             
   [WEAK]
  284 0000001C                 EXPORT           I2C1_ER_IRQHandler             
   [WEAK]
  285 0000001C                 EXPORT           SPI0_IRQHandler                
   [WEAK]
  286 0000001C                 EXPORT           SPI1_IRQHandler                
   [WEAK]
  287 0000001C                 EXPORT           USART0_IRQHandler              
   [WEAK]
  288 0000001C                 EXPORT           USART1_IRQHandler              
   [WEAK]
  289 0000001C                 EXPORT           USART2_IRQHandler              
   [WEAK]
  290 0000001C                 EXPORT           EXTI10_15_IRQHandler           
   [WEAK]
  291 0000001C                 EXPORT           RTC_Alarm_IRQHandler           
   [WEAK]
  292 0000001C                 EXPORT           VLVDF_IRQHandler               
   [WEAK]
  293 0000001C                 EXPORT           TIMER15_IRQHandler             
   [WEAK]
  294 0000001C                 EXPORT           TIMER16_IRQHandler             
   [WEAK]
  295 0000001C                 EXPORT           SDIO_IRQHandler                
   [WEAK]
  296 0000001C                 EXPORT           TIMER4_IRQHandler              
   [WEAK]
  297 0000001C                 EXPORT           I2C0_WKUP_IRQHandler           
   [WEAK]
  298 0000001C                 EXPORT           USART0_WKUP_IRQHandler         
   [WEAK]
  299 0000001C                 EXPORT           USART2_WKUP_IRQHandler         
   [WEAK]
  300 0000001C                 EXPORT           TIMER5_IRQHandler              
   [WEAK]
  301 0000001C                 EXPORT           DMA1_Channel0_IRQHandler       
   [WEAK]



ARM Macro Assembler    Page 9 


  302 0000001C                 EXPORT           DMA1_Channel1_IRQHandler       
   [WEAK]
  303 0000001C                 EXPORT           DMA1_Channel2_IRQHandler       
   [WEAK]
  304 0000001C                 EXPORT           DMA1_Channel3_IRQHandler       
   [WEAK]
  305 0000001C                 EXPORT           DMA1_Channel4_IRQHandler       
   [WEAK]
  306 0000001C                 EXPORT           DMA1_Channel5_IRQHandler       
   [WEAK]
  307 0000001C                 EXPORT           DMA1_Channel6_IRQHandler       
   [WEAK]
  308 0000001C                 EXPORT           DMA1_Channel7_IRQHandler       
   [WEAK]
  309 0000001C                 EXPORT           WLAN_WKUP_IRQHandler           
   [WEAK]
  310 0000001C                 EXPORT           USBFS_IRQHandler               
   [WEAK]
  311 0000001C                 EXPORT           USBFS_WKUP_IRQHandler          
   [WEAK]
  312 0000001C                 EXPORT           DCI_IRQHandler                 
   [WEAK]
  313 0000001C                 EXPORT           CAU_IRQHandler                 
   [WEAK]
  314 0000001C                 EXPORT           HAU_TRNG_IRQHandler            
   [WEAK]
  315 0000001C                 EXPORT           FPU_IRQHandler                 
   [WEAK]
  316 0000001C                 EXPORT           HPDF_INT0_IRQHandler           
   [WEAK]
  317 0000001C                 EXPORT           HPDF_INT1_IRQHandler           
   [WEAK]
  318 0000001C                 EXPORT           WLAN_Rx_IRQHandler             
   [WEAK]
  319 0000001C                 EXPORT           WLAN_Tx_IRQHandler             
   [WEAK]
  320 0000001C                 EXPORT           WLAN_Cmn_IRQHandler            
   [WEAK]
  321 0000001C                 EXPORT           EFUSE_IRQHandler               
   [WEAK]
  322 0000001C                 EXPORT           QSPI_IRQHandler                
   [WEAK]
  323 0000001C                 EXPORT           PKCAU_IRQHandler               
   [WEAK]
  324 0000001C                 EXPORT           TSI_IRQHandler                 
   [WEAK]
  325 0000001C                 EXPORT           ICACHE_IRQHandler              
   [WEAK]
  326 0000001C                 EXPORT           TZIAC_S_IRQHandler             
   [WEAK]
  327 0000001C                 EXPORT           FMC_S_IRQHandler               
   [WEAK]
  328 0000001C                 EXPORT           QSPI_S_IRQHandler              
   [WEAK]
  329 0000001C         
  330 0000001C         ;/* external interrupts handler */
  331 0000001C         WWDGT_IRQHandler
  332 0000001C         LVD_IRQHandler
  333 0000001C         TAMPER_STAMP_IRQHandler



ARM Macro Assembler    Page 10 


  334 0000001C         RTC_WKUP_IRQHandler
  335 0000001C         FMC_IRQHandler
  336 0000001C         RCU_IRQHandler
  337 0000001C         EXTI0_IRQHandler
  338 0000001C         EXTI1_IRQHandler
  339 0000001C         EXTI2_IRQHandler
  340 0000001C         EXTI3_IRQHandler
  341 0000001C         EXTI4_IRQHandler
  342 0000001C         DMA0_Channel0_IRQHandler
  343 0000001C         DMA0_Channel1_IRQHandler
  344 0000001C         DMA0_Channel2_IRQHandler
  345 0000001C         DMA0_Channel3_IRQHandler
  346 0000001C         DMA0_Channel4_IRQHandler
  347 0000001C         DMA0_Channel5_IRQHandler
  348 0000001C         DMA0_Channel6_IRQHandler
  349 0000001C         DMA0_Channel7_IRQHandler
  350 0000001C         ADC_IRQHandler
  351 0000001C         TAMPER_STAMP_S_IRQHandler
  352 0000001C         RTC_WKUP_S_IRQHandler
  353 0000001C         RTC_Alarm_S_IRQHandler
  354 0000001C         EXTI5_9_IRQHandler
  355 0000001C         TIMER0_BRK_IRQHandler
  356 0000001C         TIMER0_UP_IRQHandler
  357 0000001C         TIMER0_CMT_IRQHandler
  358 0000001C         TIMER0_Channel_IRQHandler
  359 0000001C         TIMER1_IRQHandler
  360 0000001C         TIMER2_IRQHandler
  361 0000001C         TIMER3_IRQHandler
  362 0000001C         I2C0_EV_IRQHandler
  363 0000001C         I2C0_ER_IRQHandler
  364 0000001C         I2C1_EV_IRQHandler
  365 0000001C         I2C1_ER_IRQHandler
  366 0000001C         SPI0_IRQHandler
  367 0000001C         SPI1_IRQHandler
  368 0000001C         USART0_IRQHandler
  369 0000001C         USART1_IRQHandler
  370 0000001C         USART2_IRQHandler
  371 0000001C         EXTI10_15_IRQHandler
  372 0000001C         RTC_Alarm_IRQHandler
  373 0000001C         VLVDF_IRQHandler
  374 0000001C         TIMER15_IRQHandler
  375 0000001C         TIMER16_IRQHandler
  376 0000001C         SDIO_IRQHandler
  377 0000001C         TIMER4_IRQHandler
  378 0000001C         I2C0_WKUP_IRQHandler
  379 0000001C         USART0_WKUP_IRQHandler
  380 0000001C         USART2_WKUP_IRQHandler
  381 0000001C         TIMER5_IRQHandler
  382 0000001C         DMA1_Channel0_IRQHandler
  383 0000001C         DMA1_Channel1_IRQHandler
  384 0000001C         DMA1_Channel2_IRQHandler
  385 0000001C         DMA1_Channel3_IRQHandler
  386 0000001C         DMA1_Channel4_IRQHandler
  387 0000001C         DMA1_Channel5_IRQHandler
  388 0000001C         DMA1_Channel6_IRQHandler
  389 0000001C         DMA1_Channel7_IRQHandler
  390 0000001C         WLAN_WKUP_IRQHandler
  391 0000001C         USBFS_IRQHandler
  392 0000001C         USBFS_WKUP_IRQHandler



ARM Macro Assembler    Page 11 


  393 0000001C         DCI_IRQHandler
  394 0000001C         CAU_IRQHandler
  395 0000001C         HAU_TRNG_IRQHandler
  396 0000001C         FPU_IRQHandler
  397 0000001C         HPDF_INT0_IRQHandler
  398 0000001C         HPDF_INT1_IRQHandler
  399 0000001C         WLAN_Rx_IRQHandler
  400 0000001C         WLAN_Tx_IRQHandler
  401 0000001C         WLAN_Cmn_IRQHandler
  402 0000001C         EFUSE_IRQHandler
  403 0000001C         QSPI_IRQHandler
  404 0000001C         PKCAU_IRQHandler
  405 0000001C         TSI_IRQHandler
  406 0000001C         ICACHE_IRQHandler
  407 0000001C         TZIAC_S_IRQHandler
  408 0000001C         FMC_S_IRQHandler
  409 0000001C         QSPI_S_IRQHandler
  410 0000001C         
  411 0000001C E7FE            B                .
  412 0000001E                 ENDP
  413 0000001E         
  414 0000001E 00 00           ALIGN
  415 00000020         
  416 00000020         ; user Initial Stack & Heap
  417 00000020         
  418 00000020                 IF               :DEF:__MICROLIB
  419 00000020         
  420 00000020                 EXPORT           __initial_sp
  421 00000020                 EXPORT           __heap_base
  422 00000020                 EXPORT           __heap_limit
  423 00000020         
  424 00000020                 ELSE
  439                          ENDIF
  440 00000020         
  441 00000020                 END
              00000000 
              00000000 
Command Line: --debug --xref --diag_suppress=9931 --cpu=Cortex-M33 --fpu=FPv5-S
P --depend=.\wifi_iot\freertos\startup_gd32w51x.d -o.\wifi_iot\freertos\startup
_gd32w51x.o -I.\RTE\_Project_At_RTOS -IC:\Users\Administrator\AppData\Local\Arm
\Packs\ARM\CMSIS\5.9.0\CMSIS\Core\Include -IC:\Users\Administrator\AppData\Loca
l\Arm\Packs\GigaDevice\GD32W51x_DFP\1.0.3\Device\Include --predefine="__MICROLI
B SETA 1" --predefine="__UVISION_VERSION SETA 527" --predefine="_RTE_ SETA 1" -
-list=.\wifi_iot\freertos\list\startup_gd32w51x.lst ..\..\..\Firmware\CMSIS\GD\
GD32W51x\Source\ARM\startup_gd32w51x.s



ARM Macro Assembler    Page 1 Alphabetic symbol ordering
Relocatable symbols

STACK 00000000

Symbol: STACK
   Definitions
      At line 35 in file ..\..\..\Firmware\CMSIS\GD\GD32W51x\Source\ARM\startup
_gd32w51x.s
   Uses
      None
Comment: STACK unused
Stack_Mem 00000000

Symbol: Stack_Mem
   Definitions
      At line 36 in file ..\..\..\Firmware\CMSIS\GD\GD32W51x\Source\ARM\startup
_gd32w51x.s
   Uses
      None
Comment: Stack_Mem unused
__initial_sp 00000400

Symbol: __initial_sp
   Definitions
      At line 37 in file ..\..\..\Firmware\CMSIS\GD\GD32W51x\Source\ARM\startup
_gd32w51x.s
   Uses
      At line 60 in file ..\..\..\Firmware\CMSIS\GD\GD32W51x\Source\ARM\startup
_gd32w51x.s
      At line 420 in file ..\..\..\Firmware\CMSIS\GD\GD32W51x\Source\ARM\startu
p_gd32w51x.s

3 symbols



ARM Macro Assembler    Page 1 Alphabetic symbol ordering
Relocatable symbols

HEAP 00000000

Symbol: HEAP
   Definitions
      At line 46 in file ..\..\..\Firmware\CMSIS\GD\GD32W51x\Source\ARM\startup
_gd32w51x.s
   Uses
      None
Comment: HEAP unused
Heap_Mem 00000000

Symbol: Heap_Mem
   Definitions
      At line 48 in file ..\..\..\Firmware\CMSIS\GD\GD32W51x\Source\ARM\startup
_gd32w51x.s
   Uses
      None
Comment: Heap_Mem unused
__heap_base 00000000

Symbol: __heap_base
   Definitions
      At line 47 in file ..\..\..\Firmware\CMSIS\GD\GD32W51x\Source\ARM\startup
_gd32w51x.s
   Uses
      At line 421 in file ..\..\..\Firmware\CMSIS\GD\GD32W51x\Source\ARM\startu
p_gd32w51x.s
Comment: __heap_base used once
__heap_limit 00000400

Symbol: __heap_limit
   Definitions
      At line 49 in file ..\..\..\Firmware\CMSIS\GD\GD32W51x\Source\ARM\startup
_gd32w51x.s
   Uses
      At line 422 in file ..\..\..\Firmware\CMSIS\GD\GD32W51x\Source\ARM\startu
p_gd32w51x.s
Comment: __heap_limit used once
4 symbols



ARM Macro Assembler    Page 1 Alphabetic symbol ordering
Relocatable symbols

RESET 00000000

Symbol: RESET
   Definitions
      At line 55 in file ..\..\..\Firmware\CMSIS\GD\GD32W51x\Source\ARM\startup
_gd32w51x.s
   Uses
      None
Comment: RESET unused
__Vectors 00000000

Symbol: __Vectors
   Definitions
      At line 60 in file ..\..\..\Firmware\CMSIS\GD\GD32W51x\Source\ARM\startup
_gd32w51x.s
   Uses
      At line 56 in file ..\..\..\Firmware\CMSIS\GD\GD32W51x\Source\ARM\startup
_gd32w51x.s
      At line 183 in file ..\..\..\Firmware\CMSIS\GD\GD32W51x\Source\ARM\startu
p_gd32w51x.s

__Vectors_End 000001D8

Symbol: __Vectors_End
   Definitions
      At line 181 in file ..\..\..\Firmware\CMSIS\GD\GD32W51x\Source\ARM\startu
p_gd32w51x.s
   Uses
      At line 57 in file ..\..\..\Firmware\CMSIS\GD\GD32W51x\Source\ARM\startup
_gd32w51x.s
      At line 183 in file ..\..\..\Firmware\CMSIS\GD\GD32W51x\Source\ARM\startu
p_gd32w51x.s

3 symbols



ARM Macro Assembler    Page 1 Alphabetic symbol ordering
Relocatable symbols

.text 00000000

Symbol: .text
   Definitions
      At line 185 in file ..\..\..\Firmware\CMSIS\GD\GD32W51x\Source\ARM\startu
p_gd32w51x.s
   Uses
      None
Comment: .text unused
ADC_IRQHandler 0000001C

Symbol: ADC_IRQHandler
   Definitions
      At line 350 in file ..\..\..\Firmware\CMSIS\GD\GD32W51x\Source\ARM\startu
p_gd32w51x.s
   Uses
      At line 97 in file ..\..\..\Firmware\CMSIS\GD\GD32W51x\Source\ARM\startup
_gd32w51x.s
      At line 269 in file ..\..\..\Firmware\CMSIS\GD\GD32W51x\Source\ARM\startu
p_gd32w51x.s

BusFault_Handler 0000000E

Symbol: BusFault_Handler
   Definitions
      At line 214 in file ..\..\..\Firmware\CMSIS\GD\GD32W51x\Source\ARM\startu
p_gd32w51x.s
   Uses
      At line 65 in file ..\..\..\Firmware\CMSIS\GD\GD32W51x\Source\ARM\startup
_gd32w51x.s
      At line 215 in file ..\..\..\Firmware\CMSIS\GD\GD32W51x\Source\ARM\startu
p_gd32w51x.s

CAU_IRQHandler 0000001C

Symbol: CAU_IRQHandler
   Definitions
      At line 394 in file ..\..\..\Firmware\CMSIS\GD\GD32W51x\Source\ARM\startu
p_gd32w51x.s
   Uses
      At line 157 in file ..\..\..\Firmware\CMSIS\GD\GD32W51x\Source\ARM\startu
p_gd32w51x.s
      At line 313 in file ..\..\..\Firmware\CMSIS\GD\GD32W51x\Source\ARM\startu
p_gd32w51x.s

DCI_IRQHandler 0000001C

Symbol: DCI_IRQHandler
   Definitions
      At line 393 in file ..\..\..\Firmware\CMSIS\GD\GD32W51x\Source\ARM\startu
p_gd32w51x.s
   Uses
      At line 156 in file ..\..\..\Firmware\CMSIS\GD\GD32W51x\Source\ARM\startu
p_gd32w51x.s
      At line 312 in file ..\..\..\Firmware\CMSIS\GD\GD32W51x\Source\ARM\startu
p_gd32w51x.s

DMA0_Channel0_IRQHandler 0000001C




ARM Macro Assembler    Page 2 Alphabetic symbol ordering
Relocatable symbols

Symbol: DMA0_Channel0_IRQHandler
   Definitions
      At line 342 in file ..\..\..\Firmware\CMSIS\GD\GD32W51x\Source\ARM\startu
p_gd32w51x.s
   Uses
      At line 89 in file ..\..\..\Firmware\CMSIS\GD\GD32W51x\Source\ARM\startup
_gd32w51x.s
      At line 261 in file ..\..\..\Firmware\CMSIS\GD\GD32W51x\Source\ARM\startu
p_gd32w51x.s

DMA0_Channel1_IRQHandler 0000001C

Symbol: DMA0_Channel1_IRQHandler
   Definitions
      At line 343 in file ..\..\..\Firmware\CMSIS\GD\GD32W51x\Source\ARM\startu
p_gd32w51x.s
   Uses
      At line 90 in file ..\..\..\Firmware\CMSIS\GD\GD32W51x\Source\ARM\startup
_gd32w51x.s
      At line 262 in file ..\..\..\Firmware\CMSIS\GD\GD32W51x\Source\ARM\startu
p_gd32w51x.s

DMA0_Channel2_IRQHandler 0000001C

Symbol: DMA0_Channel2_IRQHandler
   Definitions
      At line 344 in file ..\..\..\Firmware\CMSIS\GD\GD32W51x\Source\ARM\startu
p_gd32w51x.s
   Uses
      At line 91 in file ..\..\..\Firmware\CMSIS\GD\GD32W51x\Source\ARM\startup
_gd32w51x.s
      At line 263 in file ..\..\..\Firmware\CMSIS\GD\GD32W51x\Source\ARM\startu
p_gd32w51x.s

DMA0_Channel3_IRQHandler 0000001C

Symbol: DMA0_Channel3_IRQHandler
   Definitions
      At line 345 in file ..\..\..\Firmware\CMSIS\GD\GD32W51x\Source\ARM\startu
p_gd32w51x.s
   Uses
      At line 92 in file ..\..\..\Firmware\CMSIS\GD\GD32W51x\Source\ARM\startup
_gd32w51x.s
      At line 264 in file ..\..\..\Firmware\CMSIS\GD\GD32W51x\Source\ARM\startu
p_gd32w51x.s

DMA0_Channel4_IRQHandler 0000001C

Symbol: DMA0_Channel4_IRQHandler
   Definitions
      At line 346 in file ..\..\..\Firmware\CMSIS\GD\GD32W51x\Source\ARM\startu
p_gd32w51x.s
   Uses
      At line 93 in file ..\..\..\Firmware\CMSIS\GD\GD32W51x\Source\ARM\startup
_gd32w51x.s
      At line 265 in file ..\..\..\Firmware\CMSIS\GD\GD32W51x\Source\ARM\startu
p_gd32w51x.s

DMA0_Channel5_IRQHandler 0000001C



ARM Macro Assembler    Page 3 Alphabetic symbol ordering
Relocatable symbols


Symbol: DMA0_Channel5_IRQHandler
   Definitions
      At line 347 in file ..\..\..\Firmware\CMSIS\GD\GD32W51x\Source\ARM\startu
p_gd32w51x.s
   Uses
      At line 94 in file ..\..\..\Firmware\CMSIS\GD\GD32W51x\Source\ARM\startup
_gd32w51x.s
      At line 266 in file ..\..\..\Firmware\CMSIS\GD\GD32W51x\Source\ARM\startu
p_gd32w51x.s

DMA0_Channel6_IRQHandler 0000001C

Symbol: DMA0_Channel6_IRQHandler
   Definitions
      At line 348 in file ..\..\..\Firmware\CMSIS\GD\GD32W51x\Source\ARM\startu
p_gd32w51x.s
   Uses
      At line 95 in file ..\..\..\Firmware\CMSIS\GD\GD32W51x\Source\ARM\startup
_gd32w51x.s
      At line 267 in file ..\..\..\Firmware\CMSIS\GD\GD32W51x\Source\ARM\startu
p_gd32w51x.s

DMA0_Channel7_IRQHandler 0000001C

Symbol: DMA0_Channel7_IRQHandler
   Definitions
      At line 349 in file ..\..\..\Firmware\CMSIS\GD\GD32W51x\Source\ARM\startu
p_gd32w51x.s
   Uses
      At line 96 in file ..\..\..\Firmware\CMSIS\GD\GD32W51x\Source\ARM\startup
_gd32w51x.s
      At line 268 in file ..\..\..\Firmware\CMSIS\GD\GD32W51x\Source\ARM\startu
p_gd32w51x.s

DMA1_Channel0_IRQHandler 0000001C

Symbol: DMA1_Channel0_IRQHandler
   Definitions
      At line 382 in file ..\..\..\Firmware\CMSIS\GD\GD32W51x\Source\ARM\startu
p_gd32w51x.s
   Uses
      At line 134 in file ..\..\..\Firmware\CMSIS\GD\GD32W51x\Source\ARM\startu
p_gd32w51x.s
      At line 301 in file ..\..\..\Firmware\CMSIS\GD\GD32W51x\Source\ARM\startu
p_gd32w51x.s

DMA1_Channel1_IRQHandler 0000001C

Symbol: DMA1_Channel1_IRQHandler
   Definitions
      At line 383 in file ..\..\..\Firmware\CMSIS\GD\GD32W51x\Source\ARM\startu
p_gd32w51x.s
   Uses
      At line 135 in file ..\..\..\Firmware\CMSIS\GD\GD32W51x\Source\ARM\startu
p_gd32w51x.s
      At line 302 in file ..\..\..\Firmware\CMSIS\GD\GD32W51x\Source\ARM\startu
p_gd32w51x.s




ARM Macro Assembler    Page 4 Alphabetic symbol ordering
Relocatable symbols

DMA1_Channel2_IRQHandler 0000001C

Symbol: DMA1_Channel2_IRQHandler
   Definitions
      At line 384 in file ..\..\..\Firmware\CMSIS\GD\GD32W51x\Source\ARM\startu
p_gd32w51x.s
   Uses
      At line 136 in file ..\..\..\Firmware\CMSIS\GD\GD32W51x\Source\ARM\startu
p_gd32w51x.s
      At line 303 in file ..\..\..\Firmware\CMSIS\GD\GD32W51x\Source\ARM\startu
p_gd32w51x.s

DMA1_Channel3_IRQHandler 0000001C

Symbol: DMA1_Channel3_IRQHandler
   Definitions
      At line 385 in file ..\..\..\Firmware\CMSIS\GD\GD32W51x\Source\ARM\startu
p_gd32w51x.s
   Uses
      At line 137 in file ..\..\..\Firmware\CMSIS\GD\GD32W51x\Source\ARM\startu
p_gd32w51x.s
      At line 304 in file ..\..\..\Firmware\CMSIS\GD\GD32W51x\Source\ARM\startu
p_gd32w51x.s

DMA1_Channel4_IRQHandler 0000001C

Symbol: DMA1_Channel4_IRQHandler
   Definitions
      At line 386 in file ..\..\..\Firmware\CMSIS\GD\GD32W51x\Source\ARM\startu
p_gd32w51x.s
   Uses
      At line 138 in file ..\..\..\Firmware\CMSIS\GD\GD32W51x\Source\ARM\startu
p_gd32w51x.s
      At line 305 in file ..\..\..\Firmware\CMSIS\GD\GD32W51x\Source\ARM\startu
p_gd32w51x.s

DMA1_Channel5_IRQHandler 0000001C

Symbol: DMA1_Channel5_IRQHandler
   Definitions
      At line 387 in file ..\..\..\Firmware\CMSIS\GD\GD32W51x\Source\ARM\startu
p_gd32w51x.s
   Uses
      At line 139 in file ..\..\..\Firmware\CMSIS\GD\GD32W51x\Source\ARM\startu
p_gd32w51x.s
      At line 306 in file ..\..\..\Firmware\CMSIS\GD\GD32W51x\Source\ARM\startu
p_gd32w51x.s

DMA1_Channel6_IRQHandler 0000001C

Symbol: DMA1_Channel6_IRQHandler
   Definitions
      At line 388 in file ..\..\..\Firmware\CMSIS\GD\GD32W51x\Source\ARM\startu
p_gd32w51x.s
   Uses
      At line 140 in file ..\..\..\Firmware\CMSIS\GD\GD32W51x\Source\ARM\startu
p_gd32w51x.s
      At line 307 in file ..\..\..\Firmware\CMSIS\GD\GD32W51x\Source\ARM\startu
p_gd32w51x.s



ARM Macro Assembler    Page 5 Alphabetic symbol ordering
Relocatable symbols


DMA1_Channel7_IRQHandler 0000001C

Symbol: DMA1_Channel7_IRQHandler
   Definitions
      At line 389 in file ..\..\..\Firmware\CMSIS\GD\GD32W51x\Source\ARM\startu
p_gd32w51x.s
   Uses
      At line 141 in file ..\..\..\Firmware\CMSIS\GD\GD32W51x\Source\ARM\startu
p_gd32w51x.s
      At line 308 in file ..\..\..\Firmware\CMSIS\GD\GD32W51x\Source\ARM\startu
p_gd32w51x.s

DebugMon_Handler 00000016

Symbol: DebugMon_Handler
   Definitions
      At line 233 in file ..\..\..\Firmware\CMSIS\GD\GD32W51x\Source\ARM\startu
p_gd32w51x.s
   Uses
      At line 72 in file ..\..\..\Firmware\CMSIS\GD\GD32W51x\Source\ARM\startup
_gd32w51x.s
      At line 234 in file ..\..\..\Firmware\CMSIS\GD\GD32W51x\Source\ARM\startu
p_gd32w51x.s

Default_Handler 0000001C

Symbol: Default_Handler
   Definitions
      At line 248 in file ..\..\..\Firmware\CMSIS\GD\GD32W51x\Source\ARM\startu
p_gd32w51x.s
   Uses
      None
Comment: Default_Handler unused
EFUSE_IRQHandler 0000001C

Symbol: EFUSE_IRQHandler
   Definitions
      At line 402 in file ..\..\..\Firmware\CMSIS\GD\GD32W51x\Source\ARM\startu
p_gd32w51x.s
   Uses
      At line 172 in file ..\..\..\Firmware\CMSIS\GD\GD32W51x\Source\ARM\startu
p_gd32w51x.s
      At line 321 in file ..\..\..\Firmware\CMSIS\GD\GD32W51x\Source\ARM\startu
p_gd32w51x.s

EXTI0_IRQHandler 0000001C

Symbol: EXTI0_IRQHandler
   Definitions
      At line 337 in file ..\..\..\Firmware\CMSIS\GD\GD32W51x\Source\ARM\startu
p_gd32w51x.s
   Uses
      At line 84 in file ..\..\..\Firmware\CMSIS\GD\GD32W51x\Source\ARM\startup
_gd32w51x.s
      At line 256 in file ..\..\..\Firmware\CMSIS\GD\GD32W51x\Source\ARM\startu
p_gd32w51x.s

EXTI10_15_IRQHandler 0000001C



ARM Macro Assembler    Page 6 Alphabetic symbol ordering
Relocatable symbols


Symbol: EXTI10_15_IRQHandler
   Definitions
      At line 371 in file ..\..\..\Firmware\CMSIS\GD\GD32W51x\Source\ARM\startu
p_gd32w51x.s
   Uses
      At line 118 in file ..\..\..\Firmware\CMSIS\GD\GD32W51x\Source\ARM\startu
p_gd32w51x.s
      At line 290 in file ..\..\..\Firmware\CMSIS\GD\GD32W51x\Source\ARM\startu
p_gd32w51x.s

EXTI1_IRQHandler 0000001C

Symbol: EXTI1_IRQHandler
   Definitions
      At line 338 in file ..\..\..\Firmware\CMSIS\GD\GD32W51x\Source\ARM\startu
p_gd32w51x.s
   Uses
      At line 85 in file ..\..\..\Firmware\CMSIS\GD\GD32W51x\Source\ARM\startup
_gd32w51x.s
      At line 257 in file ..\..\..\Firmware\CMSIS\GD\GD32W51x\Source\ARM\startu
p_gd32w51x.s

EXTI2_IRQHandler 0000001C

Symbol: EXTI2_IRQHandler
   Definitions
      At line 339 in file ..\..\..\Firmware\CMSIS\GD\GD32W51x\Source\ARM\startu
p_gd32w51x.s
   Uses
      At line 86 in file ..\..\..\Firmware\CMSIS\GD\GD32W51x\Source\ARM\startup
_gd32w51x.s
      At line 258 in file ..\..\..\Firmware\CMSIS\GD\GD32W51x\Source\ARM\startu
p_gd32w51x.s

EXTI3_IRQHandler 0000001C

Symbol: EXTI3_IRQHandler
   Definitions
      At line 340 in file ..\..\..\Firmware\CMSIS\GD\GD32W51x\Source\ARM\startu
p_gd32w51x.s
   Uses
      At line 87 in file ..\..\..\Firmware\CMSIS\GD\GD32W51x\Source\ARM\startup
_gd32w51x.s
      At line 259 in file ..\..\..\Firmware\CMSIS\GD\GD32W51x\Source\ARM\startu
p_gd32w51x.s

EXTI4_IRQHandler 0000001C

Symbol: EXTI4_IRQHandler
   Definitions
      At line 341 in file ..\..\..\Firmware\CMSIS\GD\GD32W51x\Source\ARM\startu
p_gd32w51x.s
   Uses
      At line 88 in file ..\..\..\Firmware\CMSIS\GD\GD32W51x\Source\ARM\startup
_gd32w51x.s
      At line 260 in file ..\..\..\Firmware\CMSIS\GD\GD32W51x\Source\ARM\startu
p_gd32w51x.s




ARM Macro Assembler    Page 7 Alphabetic symbol ordering
Relocatable symbols

EXTI5_9_IRQHandler 0000001C

Symbol: EXTI5_9_IRQHandler
   Definitions
      At line 354 in file ..\..\..\Firmware\CMSIS\GD\GD32W51x\Source\ARM\startu
p_gd32w51x.s
   Uses
      At line 101 in file ..\..\..\Firmware\CMSIS\GD\GD32W51x\Source\ARM\startu
p_gd32w51x.s
      At line 273 in file ..\..\..\Firmware\CMSIS\GD\GD32W51x\Source\ARM\startu
p_gd32w51x.s

FMC_IRQHandler 0000001C

Symbol: FMC_IRQHandler
   Definitions
      At line 335 in file ..\..\..\Firmware\CMSIS\GD\GD32W51x\Source\ARM\startu
p_gd32w51x.s
   Uses
      At line 82 in file ..\..\..\Firmware\CMSIS\GD\GD32W51x\Source\ARM\startup
_gd32w51x.s
      At line 254 in file ..\..\..\Firmware\CMSIS\GD\GD32W51x\Source\ARM\startu
p_gd32w51x.s

FMC_S_IRQHandler 0000001C

Symbol: FMC_S_IRQHandler
   Definitions
      At line 408 in file ..\..\..\Firmware\CMSIS\GD\GD32W51x\Source\ARM\startu
p_gd32w51x.s
   Uses
      At line 178 in file ..\..\..\Firmware\CMSIS\GD\GD32W51x\Source\ARM\startu
p_gd32w51x.s
      At line 327 in file ..\..\..\Firmware\CMSIS\GD\GD32W51x\Source\ARM\startu
p_gd32w51x.s

FPU_IRQHandler 0000001C

Symbol: FPU_IRQHandler
   Definitions
      At line 396 in file ..\..\..\Firmware\CMSIS\GD\GD32W51x\Source\ARM\startu
p_gd32w51x.s
   Uses
      At line 159 in file ..\..\..\Firmware\CMSIS\GD\GD32W51x\Source\ARM\startu
p_gd32w51x.s
      At line 315 in file ..\..\..\Firmware\CMSIS\GD\GD32W51x\Source\ARM\startu
p_gd32w51x.s

HAU_TRNG_IRQHandler 0000001C

Symbol: HAU_TRNG_IRQHandler
   Definitions
      At line 395 in file ..\..\..\Firmware\CMSIS\GD\GD32W51x\Source\ARM\startu
p_gd32w51x.s
   Uses
      At line 158 in file ..\..\..\Firmware\CMSIS\GD\GD32W51x\Source\ARM\startu
p_gd32w51x.s
      At line 314 in file ..\..\..\Firmware\CMSIS\GD\GD32W51x\Source\ARM\startu
p_gd32w51x.s



ARM Macro Assembler    Page 8 Alphabetic symbol ordering
Relocatable symbols


HPDF_INT0_IRQHandler 0000001C

Symbol: HPDF_INT0_IRQHandler
   Definitions
      At line 397 in file ..\..\..\Firmware\CMSIS\GD\GD32W51x\Source\ARM\startu
p_gd32w51x.s
   Uses
      At line 167 in file ..\..\..\Firmware\CMSIS\GD\GD32W51x\Source\ARM\startu
p_gd32w51x.s
      At line 316 in file ..\..\..\Firmware\CMSIS\GD\GD32W51x\Source\ARM\startu
p_gd32w51x.s

HPDF_INT1_IRQHandler 0000001C

Symbol: HPDF_INT1_IRQHandler
   Definitions
      At line 398 in file ..\..\..\Firmware\CMSIS\GD\GD32W51x\Source\ARM\startu
p_gd32w51x.s
   Uses
      At line 168 in file ..\..\..\Firmware\CMSIS\GD\GD32W51x\Source\ARM\startu
p_gd32w51x.s
      At line 317 in file ..\..\..\Firmware\CMSIS\GD\GD32W51x\Source\ARM\startu
p_gd32w51x.s

HardFault_Handler 0000000A

Symbol: HardFault_Handler
   Definitions
      At line 204 in file ..\..\..\Firmware\CMSIS\GD\GD32W51x\Source\ARM\startu
p_gd32w51x.s
   Uses
      At line 63 in file ..\..\..\Firmware\CMSIS\GD\GD32W51x\Source\ARM\startup
_gd32w51x.s
      At line 205 in file ..\..\..\Firmware\CMSIS\GD\GD32W51x\Source\ARM\startu
p_gd32w51x.s

I2C0_ER_IRQHandler 0000001C

Symbol: I2C0_ER_IRQHandler
   Definitions
      At line 363 in file ..\..\..\Firmware\CMSIS\GD\GD32W51x\Source\ARM\startu
p_gd32w51x.s
   Uses
      At line 110 in file ..\..\..\Firmware\CMSIS\GD\GD32W51x\Source\ARM\startu
p_gd32w51x.s
      At line 282 in file ..\..\..\Firmware\CMSIS\GD\GD32W51x\Source\ARM\startu
p_gd32w51x.s

I2C0_EV_IRQHandler 0000001C

Symbol: I2C0_EV_IRQHandler
   Definitions
      At line 362 in file ..\..\..\Firmware\CMSIS\GD\GD32W51x\Source\ARM\startu
p_gd32w51x.s
   Uses
      At line 109 in file ..\..\..\Firmware\CMSIS\GD\GD32W51x\Source\ARM\startu
p_gd32w51x.s
      At line 281 in file ..\..\..\Firmware\CMSIS\GD\GD32W51x\Source\ARM\startu



ARM Macro Assembler    Page 9 Alphabetic symbol ordering
Relocatable symbols

p_gd32w51x.s

I2C0_WKUP_IRQHandler 0000001C

Symbol: I2C0_WKUP_IRQHandler
   Definitions
      At line 378 in file ..\..\..\Firmware\CMSIS\GD\GD32W51x\Source\ARM\startu
p_gd32w51x.s
   Uses
      At line 129 in file ..\..\..\Firmware\CMSIS\GD\GD32W51x\Source\ARM\startu
p_gd32w51x.s
      At line 297 in file ..\..\..\Firmware\CMSIS\GD\GD32W51x\Source\ARM\startu
p_gd32w51x.s

I2C1_ER_IRQHandler 0000001C

Symbol: I2C1_ER_IRQHandler
   Definitions
      At line 365 in file ..\..\..\Firmware\CMSIS\GD\GD32W51x\Source\ARM\startu
p_gd32w51x.s
   Uses
      At line 112 in file ..\..\..\Firmware\CMSIS\GD\GD32W51x\Source\ARM\startu
p_gd32w51x.s
      At line 284 in file ..\..\..\Firmware\CMSIS\GD\GD32W51x\Source\ARM\startu
p_gd32w51x.s

I2C1_EV_IRQHandler 0000001C

Symbol: I2C1_EV_IRQHandler
   Definitions
      At line 364 in file ..\..\..\Firmware\CMSIS\GD\GD32W51x\Source\ARM\startu
p_gd32w51x.s
   Uses
      At line 111 in file ..\..\..\Firmware\CMSIS\GD\GD32W51x\Source\ARM\startu
p_gd32w51x.s
      At line 283 in file ..\..\..\Firmware\CMSIS\GD\GD32W51x\Source\ARM\startu
p_gd32w51x.s

ICACHE_IRQHandler 0000001C

Symbol: ICACHE_IRQHandler
   Definitions
      At line 406 in file ..\..\..\Firmware\CMSIS\GD\GD32W51x\Source\ARM\startu
p_gd32w51x.s
   Uses
      At line 176 in file ..\..\..\Firmware\CMSIS\GD\GD32W51x\Source\ARM\startu
p_gd32w51x.s
      At line 325 in file ..\..\..\Firmware\CMSIS\GD\GD32W51x\Source\ARM\startu
p_gd32w51x.s

LVD_IRQHandler 0000001C

Symbol: LVD_IRQHandler
   Definitions
      At line 332 in file ..\..\..\Firmware\CMSIS\GD\GD32W51x\Source\ARM\startu
p_gd32w51x.s
   Uses
      At line 79 in file ..\..\..\Firmware\CMSIS\GD\GD32W51x\Source\ARM\startup
_gd32w51x.s



ARM Macro Assembler    Page 10 Alphabetic symbol ordering
Relocatable symbols

      At line 251 in file ..\..\..\Firmware\CMSIS\GD\GD32W51x\Source\ARM\startu
p_gd32w51x.s

MemManage_Handler 0000000C

Symbol: MemManage_Handler
   Definitions
      At line 209 in file ..\..\..\Firmware\CMSIS\GD\GD32W51x\Source\ARM\startu
p_gd32w51x.s
   Uses
      At line 64 in file ..\..\..\Firmware\CMSIS\GD\GD32W51x\Source\ARM\startup
_gd32w51x.s
      At line 210 in file ..\..\..\Firmware\CMSIS\GD\GD32W51x\Source\ARM\startu
p_gd32w51x.s

NMI_Handler 00000008

Symbol: NMI_Handler
   Definitions
      At line 199 in file ..\..\..\Firmware\CMSIS\GD\GD32W51x\Source\ARM\startu
p_gd32w51x.s
   Uses
      At line 62 in file ..\..\..\Firmware\CMSIS\GD\GD32W51x\Source\ARM\startup
_gd32w51x.s
      At line 200 in file ..\..\..\Firmware\CMSIS\GD\GD32W51x\Source\ARM\startu
p_gd32w51x.s

PKCAU_IRQHandler 0000001C

Symbol: PKCAU_IRQHandler
   Definitions
      At line 404 in file ..\..\..\Firmware\CMSIS\GD\GD32W51x\Source\ARM\startu
p_gd32w51x.s
   Uses
      At line 174 in file ..\..\..\Firmware\CMSIS\GD\GD32W51x\Source\ARM\startu
p_gd32w51x.s
      At line 323 in file ..\..\..\Firmware\CMSIS\GD\GD32W51x\Source\ARM\startu
p_gd32w51x.s

PendSV_Handler 00000018

Symbol: PendSV_Handler
   Definitions
      At line 238 in file ..\..\..\Firmware\CMSIS\GD\GD32W51x\Source\ARM\startu
p_gd32w51x.s
   Uses
      At line 74 in file ..\..\..\Firmware\CMSIS\GD\GD32W51x\Source\ARM\startup
_gd32w51x.s
      At line 239 in file ..\..\..\Firmware\CMSIS\GD\GD32W51x\Source\ARM\startu
p_gd32w51x.s

QSPI_IRQHandler 0000001C

Symbol: QSPI_IRQHandler
   Definitions
      At line 403 in file ..\..\..\Firmware\CMSIS\GD\GD32W51x\Source\ARM\startu
p_gd32w51x.s
   Uses
      At line 173 in file ..\..\..\Firmware\CMSIS\GD\GD32W51x\Source\ARM\startu



ARM Macro Assembler    Page 11 Alphabetic symbol ordering
Relocatable symbols

p_gd32w51x.s
      At line 322 in file ..\..\..\Firmware\CMSIS\GD\GD32W51x\Source\ARM\startu
p_gd32w51x.s

QSPI_S_IRQHandler 0000001C

Symbol: QSPI_S_IRQHandler
   Definitions
      At line 409 in file ..\..\..\Firmware\CMSIS\GD\GD32W51x\Source\ARM\startu
p_gd32w51x.s
   Uses
      At line 179 in file ..\..\..\Firmware\CMSIS\GD\GD32W51x\Source\ARM\startu
p_gd32w51x.s
      At line 328 in file ..\..\..\Firmware\CMSIS\GD\GD32W51x\Source\ARM\startu
p_gd32w51x.s

RCU_IRQHandler 0000001C

Symbol: RCU_IRQHandler
   Definitions
      At line 336 in file ..\..\..\Firmware\CMSIS\GD\GD32W51x\Source\ARM\startu
p_gd32w51x.s
   Uses
      At line 83 in file ..\..\..\Firmware\CMSIS\GD\GD32W51x\Source\ARM\startup
_gd32w51x.s
      At line 255 in file ..\..\..\Firmware\CMSIS\GD\GD32W51x\Source\ARM\startu
p_gd32w51x.s

RTC_Alarm_IRQHandler 0000001C

Symbol: RTC_Alarm_IRQHandler
   Definitions
      At line 372 in file ..\..\..\Firmware\CMSIS\GD\GD32W51x\Source\ARM\startu
p_gd32w51x.s
   Uses
      At line 119 in file ..\..\..\Firmware\CMSIS\GD\GD32W51x\Source\ARM\startu
p_gd32w51x.s
      At line 291 in file ..\..\..\Firmware\CMSIS\GD\GD32W51x\Source\ARM\startu
p_gd32w51x.s

RTC_Alarm_S_IRQHandler 0000001C

Symbol: RTC_Alarm_S_IRQHandler
   Definitions
      At line 353 in file ..\..\..\Firmware\CMSIS\GD\GD32W51x\Source\ARM\startu
p_gd32w51x.s
   Uses
      At line 100 in file ..\..\..\Firmware\CMSIS\GD\GD32W51x\Source\ARM\startu
p_gd32w51x.s
      At line 272 in file ..\..\..\Firmware\CMSIS\GD\GD32W51x\Source\ARM\startu
p_gd32w51x.s

RTC_WKUP_IRQHandler 0000001C

Symbol: RTC_WKUP_IRQHandler
   Definitions
      At line 334 in file ..\..\..\Firmware\CMSIS\GD\GD32W51x\Source\ARM\startu
p_gd32w51x.s
   Uses



ARM Macro Assembler    Page 12 Alphabetic symbol ordering
Relocatable symbols

      At line 81 in file ..\..\..\Firmware\CMSIS\GD\GD32W51x\Source\ARM\startup
_gd32w51x.s
      At line 253 in file ..\..\..\Firmware\CMSIS\GD\GD32W51x\Source\ARM\startu
p_gd32w51x.s

RTC_WKUP_S_IRQHandler 0000001C

Symbol: RTC_WKUP_S_IRQHandler
   Definitions
      At line 352 in file ..\..\..\Firmware\CMSIS\GD\GD32W51x\Source\ARM\startu
p_gd32w51x.s
   Uses
      At line 99 in file ..\..\..\Firmware\CMSIS\GD\GD32W51x\Source\ARM\startup
_gd32w51x.s
      At line 271 in file ..\..\..\Firmware\CMSIS\GD\GD32W51x\Source\ARM\startu
p_gd32w51x.s

Reset_Handler 00000000

Symbol: Reset_Handler
   Definitions
      At line 188 in file ..\..\..\Firmware\CMSIS\GD\GD32W51x\Source\ARM\startu
p_gd32w51x.s
   Uses
      At line 61 in file ..\..\..\Firmware\CMSIS\GD\GD32W51x\Source\ARM\startup
_gd32w51x.s
      At line 189 in file ..\..\..\Firmware\CMSIS\GD\GD32W51x\Source\ARM\startu
p_gd32w51x.s

SDIO_IRQHandler 0000001C

Symbol: SDIO_IRQHandler
   Definitions
      At line 376 in file ..\..\..\Firmware\CMSIS\GD\GD32W51x\Source\ARM\startu
p_gd32w51x.s
   Uses
      At line 127 in file ..\..\..\Firmware\CMSIS\GD\GD32W51x\Source\ARM\startu
p_gd32w51x.s
      At line 295 in file ..\..\..\Firmware\CMSIS\GD\GD32W51x\Source\ARM\startu
p_gd32w51x.s

SPI0_IRQHandler 0000001C

Symbol: SPI0_IRQHandler
   Definitions
      At line 366 in file ..\..\..\Firmware\CMSIS\GD\GD32W51x\Source\ARM\startu
p_gd32w51x.s
   Uses
      At line 113 in file ..\..\..\Firmware\CMSIS\GD\GD32W51x\Source\ARM\startu
p_gd32w51x.s
      At line 285 in file ..\..\..\Firmware\CMSIS\GD\GD32W51x\Source\ARM\startu
p_gd32w51x.s

SPI1_IRQHandler 0000001C

Symbol: SPI1_IRQHandler
   Definitions
      At line 367 in file ..\..\..\Firmware\CMSIS\GD\GD32W51x\Source\ARM\startu
p_gd32w51x.s



ARM Macro Assembler    Page 13 Alphabetic symbol ordering
Relocatable symbols

   Uses
      At line 114 in file ..\..\..\Firmware\CMSIS\GD\GD32W51x\Source\ARM\startu
p_gd32w51x.s
      At line 286 in file ..\..\..\Firmware\CMSIS\GD\GD32W51x\Source\ARM\startu
p_gd32w51x.s

SVC_Handler 00000014

Symbol: SVC_Handler
   Definitions
      At line 228 in file ..\..\..\Firmware\CMSIS\GD\GD32W51x\Source\ARM\startu
p_gd32w51x.s
   Uses
      At line 71 in file ..\..\..\Firmware\CMSIS\GD\GD32W51x\Source\ARM\startup
_gd32w51x.s
      At line 229 in file ..\..\..\Firmware\CMSIS\GD\GD32W51x\Source\ARM\startu
p_gd32w51x.s

SecureFault_Handler 00000012

Symbol: SecureFault_Handler
   Definitions
      At line 224 in file ..\..\..\Firmware\CMSIS\GD\GD32W51x\Source\ARM\startu
p_gd32w51x.s
   Uses
      At line 67 in file ..\..\..\Firmware\CMSIS\GD\GD32W51x\Source\ARM\startup
_gd32w51x.s
      At line 225 in file ..\..\..\Firmware\CMSIS\GD\GD32W51x\Source\ARM\startu
p_gd32w51x.s

SysTick_Handler 0000001A

Symbol: SysTick_Handler
   Definitions
      At line 243 in file ..\..\..\Firmware\CMSIS\GD\GD32W51x\Source\ARM\startu
p_gd32w51x.s
   Uses
      At line 75 in file ..\..\..\Firmware\CMSIS\GD\GD32W51x\Source\ARM\startup
_gd32w51x.s
      At line 244 in file ..\..\..\Firmware\CMSIS\GD\GD32W51x\Source\ARM\startu
p_gd32w51x.s

TAMPER_STAMP_IRQHandler 0000001C

Symbol: TAMPER_STAMP_IRQHandler
   Definitions
      At line 333 in file ..\..\..\Firmware\CMSIS\GD\GD32W51x\Source\ARM\startu
p_gd32w51x.s
   Uses
      At line 80 in file ..\..\..\Firmware\CMSIS\GD\GD32W51x\Source\ARM\startup
_gd32w51x.s
      At line 252 in file ..\..\..\Firmware\CMSIS\GD\GD32W51x\Source\ARM\startu
p_gd32w51x.s

TAMPER_STAMP_S_IRQHandler 0000001C

Symbol: TAMPER_STAMP_S_IRQHandler
   Definitions
      At line 351 in file ..\..\..\Firmware\CMSIS\GD\GD32W51x\Source\ARM\startu



ARM Macro Assembler    Page 14 Alphabetic symbol ordering
Relocatable symbols

p_gd32w51x.s
   Uses
      At line 98 in file ..\..\..\Firmware\CMSIS\GD\GD32W51x\Source\ARM\startup
_gd32w51x.s
      At line 270 in file ..\..\..\Firmware\CMSIS\GD\GD32W51x\Source\ARM\startu
p_gd32w51x.s

TIMER0_BRK_IRQHandler 0000001C

Symbol: TIMER0_BRK_IRQHandler
   Definitions
      At line 355 in file ..\..\..\Firmware\CMSIS\GD\GD32W51x\Source\ARM\startu
p_gd32w51x.s
   Uses
      At line 102 in file ..\..\..\Firmware\CMSIS\GD\GD32W51x\Source\ARM\startu
p_gd32w51x.s
      At line 274 in file ..\..\..\Firmware\CMSIS\GD\GD32W51x\Source\ARM\startu
p_gd32w51x.s

TIMER0_CMT_IRQHandler 0000001C

Symbol: TIMER0_CMT_IRQHandler
   Definitions
      At line 357 in file ..\..\..\Firmware\CMSIS\GD\GD32W51x\Source\ARM\startu
p_gd32w51x.s
   Uses
      At line 104 in file ..\..\..\Firmware\CMSIS\GD\GD32W51x\Source\ARM\startu
p_gd32w51x.s
      At line 276 in file ..\..\..\Firmware\CMSIS\GD\GD32W51x\Source\ARM\startu
p_gd32w51x.s

TIMER0_Channel_IRQHandler 0000001C

Symbol: TIMER0_Channel_IRQHandler
   Definitions
      At line 358 in file ..\..\..\Firmware\CMSIS\GD\GD32W51x\Source\ARM\startu
p_gd32w51x.s
   Uses
      At line 105 in file ..\..\..\Firmware\CMSIS\GD\GD32W51x\Source\ARM\startu
p_gd32w51x.s
      At line 277 in file ..\..\..\Firmware\CMSIS\GD\GD32W51x\Source\ARM\startu
p_gd32w51x.s

TIMER0_UP_IRQHandler 0000001C

Symbol: TIMER0_UP_IRQHandler
   Definitions
      At line 356 in file ..\..\..\Firmware\CMSIS\GD\GD32W51x\Source\ARM\startu
p_gd32w51x.s
   Uses
      At line 103 in file ..\..\..\Firmware\CMSIS\GD\GD32W51x\Source\ARM\startu
p_gd32w51x.s
      At line 275 in file ..\..\..\Firmware\CMSIS\GD\GD32W51x\Source\ARM\startu
p_gd32w51x.s

TIMER15_IRQHandler 0000001C

Symbol: TIMER15_IRQHandler
   Definitions



ARM Macro Assembler    Page 15 Alphabetic symbol ordering
Relocatable symbols

      At line 374 in file ..\..\..\Firmware\CMSIS\GD\GD32W51x\Source\ARM\startu
p_gd32w51x.s
   Uses
      At line 122 in file ..\..\..\Firmware\CMSIS\GD\GD32W51x\Source\ARM\startu
p_gd32w51x.s
      At line 293 in file ..\..\..\Firmware\CMSIS\GD\GD32W51x\Source\ARM\startu
p_gd32w51x.s

TIMER16_IRQHandler 0000001C

Symbol: TIMER16_IRQHandler
   Definitions
      At line 375 in file ..\..\..\Firmware\CMSIS\GD\GD32W51x\Source\ARM\startu
p_gd32w51x.s
   Uses
      At line 123 in file ..\..\..\Firmware\CMSIS\GD\GD32W51x\Source\ARM\startu
p_gd32w51x.s
      At line 294 in file ..\..\..\Firmware\CMSIS\GD\GD32W51x\Source\ARM\startu
p_gd32w51x.s

TIMER1_IRQHandler 0000001C

Symbol: TIMER1_IRQHandler
   Definitions
      At line 359 in file ..\..\..\Firmware\CMSIS\GD\GD32W51x\Source\ARM\startu
p_gd32w51x.s
   Uses
      At line 106 in file ..\..\..\Firmware\CMSIS\GD\GD32W51x\Source\ARM\startu
p_gd32w51x.s
      At line 278 in file ..\..\..\Firmware\CMSIS\GD\GD32W51x\Source\ARM\startu
p_gd32w51x.s

TIMER2_IRQHandler 0000001C

Symbol: TIMER2_IRQHandler
   Definitions
      At line 360 in file ..\..\..\Firmware\CMSIS\GD\GD32W51x\Source\ARM\startu
p_gd32w51x.s
   Uses
      At line 107 in file ..\..\..\Firmware\CMSIS\GD\GD32W51x\Source\ARM\startu
p_gd32w51x.s
      At line 279 in file ..\..\..\Firmware\CMSIS\GD\GD32W51x\Source\ARM\startu
p_gd32w51x.s

TIMER3_IRQHandler 0000001C

Symbol: TIMER3_IRQHandler
   Definitions
      At line 361 in file ..\..\..\Firmware\CMSIS\GD\GD32W51x\Source\ARM\startu
p_gd32w51x.s
   Uses
      At line 108 in file ..\..\..\Firmware\CMSIS\GD\GD32W51x\Source\ARM\startu
p_gd32w51x.s
      At line 280 in file ..\..\..\Firmware\CMSIS\GD\GD32W51x\Source\ARM\startu
p_gd32w51x.s

TIMER4_IRQHandler 0000001C

Symbol: TIMER4_IRQHandler



ARM Macro Assembler    Page 16 Alphabetic symbol ordering
Relocatable symbols

   Definitions
      At line 377 in file ..\..\..\Firmware\CMSIS\GD\GD32W51x\Source\ARM\startu
p_gd32w51x.s
   Uses
      At line 128 in file ..\..\..\Firmware\CMSIS\GD\GD32W51x\Source\ARM\startu
p_gd32w51x.s
      At line 296 in file ..\..\..\Firmware\CMSIS\GD\GD32W51x\Source\ARM\startu
p_gd32w51x.s

TIMER5_IRQHandler 0000001C

Symbol: TIMER5_IRQHandler
   Definitions
      At line 381 in file ..\..\..\Firmware\CMSIS\GD\GD32W51x\Source\ARM\startu
p_gd32w51x.s
   Uses
      At line 132 in file ..\..\..\Firmware\CMSIS\GD\GD32W51x\Source\ARM\startu
p_gd32w51x.s
      At line 300 in file ..\..\..\Firmware\CMSIS\GD\GD32W51x\Source\ARM\startu
p_gd32w51x.s

TSI_IRQHandler 0000001C

Symbol: TSI_IRQHandler
   Definitions
      At line 405 in file ..\..\..\Firmware\CMSIS\GD\GD32W51x\Source\ARM\startu
p_gd32w51x.s
   Uses
      At line 175 in file ..\..\..\Firmware\CMSIS\GD\GD32W51x\Source\ARM\startu
p_gd32w51x.s
      At line 324 in file ..\..\..\Firmware\CMSIS\GD\GD32W51x\Source\ARM\startu
p_gd32w51x.s

TZIAC_S_IRQHandler 0000001C

Symbol: TZIAC_S_IRQHandler
   Definitions
      At line 407 in file ..\..\..\Firmware\CMSIS\GD\GD32W51x\Source\ARM\startu
p_gd32w51x.s
   Uses
      At line 177 in file ..\..\..\Firmware\CMSIS\GD\GD32W51x\Source\ARM\startu
p_gd32w51x.s
      At line 326 in file ..\..\..\Firmware\CMSIS\GD\GD32W51x\Source\ARM\startu
p_gd32w51x.s

USART0_IRQHandler 0000001C

Symbol: USART0_IRQHandler
   Definitions
      At line 368 in file ..\..\..\Firmware\CMSIS\GD\GD32W51x\Source\ARM\startu
p_gd32w51x.s
   Uses
      At line 115 in file ..\..\..\Firmware\CMSIS\GD\GD32W51x\Source\ARM\startu
p_gd32w51x.s
      At line 287 in file ..\..\..\Firmware\CMSIS\GD\GD32W51x\Source\ARM\startu
p_gd32w51x.s

USART0_WKUP_IRQHandler 0000001C




ARM Macro Assembler    Page 17 Alphabetic symbol ordering
Relocatable symbols

Symbol: USART0_WKUP_IRQHandler
   Definitions
      At line 379 in file ..\..\..\Firmware\CMSIS\GD\GD32W51x\Source\ARM\startu
p_gd32w51x.s
   Uses
      At line 130 in file ..\..\..\Firmware\CMSIS\GD\GD32W51x\Source\ARM\startu
p_gd32w51x.s
      At line 298 in file ..\..\..\Firmware\CMSIS\GD\GD32W51x\Source\ARM\startu
p_gd32w51x.s

USART1_IRQHandler 0000001C

Symbol: USART1_IRQHandler
   Definitions
      At line 369 in file ..\..\..\Firmware\CMSIS\GD\GD32W51x\Source\ARM\startu
p_gd32w51x.s
   Uses
      At line 116 in file ..\..\..\Firmware\CMSIS\GD\GD32W51x\Source\ARM\startu
p_gd32w51x.s
      At line 288 in file ..\..\..\Firmware\CMSIS\GD\GD32W51x\Source\ARM\startu
p_gd32w51x.s

USART2_IRQHandler 0000001C

Symbol: USART2_IRQHandler
   Definitions
      At line 370 in file ..\..\..\Firmware\CMSIS\GD\GD32W51x\Source\ARM\startu
p_gd32w51x.s
   Uses
      At line 117 in file ..\..\..\Firmware\CMSIS\GD\GD32W51x\Source\ARM\startu
p_gd32w51x.s
      At line 289 in file ..\..\..\Firmware\CMSIS\GD\GD32W51x\Source\ARM\startu
p_gd32w51x.s

USART2_WKUP_IRQHandler 0000001C

Symbol: USART2_WKUP_IRQHandler
   Definitions
      At line 380 in file ..\..\..\Firmware\CMSIS\GD\GD32W51x\Source\ARM\startu
p_gd32w51x.s
   Uses
      At line 131 in file ..\..\..\Firmware\CMSIS\GD\GD32W51x\Source\ARM\startu
p_gd32w51x.s
      At line 299 in file ..\..\..\Firmware\CMSIS\GD\GD32W51x\Source\ARM\startu
p_gd32w51x.s

USBFS_IRQHandler 0000001C

Symbol: USBFS_IRQHandler
   Definitions
      At line 391 in file ..\..\..\Firmware\CMSIS\GD\GD32W51x\Source\ARM\startu
p_gd32w51x.s
   Uses
      At line 145 in file ..\..\..\Firmware\CMSIS\GD\GD32W51x\Source\ARM\startu
p_gd32w51x.s
      At line 310 in file ..\..\..\Firmware\CMSIS\GD\GD32W51x\Source\ARM\startu
p_gd32w51x.s

USBFS_WKUP_IRQHandler 0000001C



ARM Macro Assembler    Page 18 Alphabetic symbol ordering
Relocatable symbols


Symbol: USBFS_WKUP_IRQHandler
   Definitions
      At line 392 in file ..\..\..\Firmware\CMSIS\GD\GD32W51x\Source\ARM\startu
p_gd32w51x.s
   Uses
      At line 154 in file ..\..\..\Firmware\CMSIS\GD\GD32W51x\Source\ARM\startu
p_gd32w51x.s
      At line 311 in file ..\..\..\Firmware\CMSIS\GD\GD32W51x\Source\ARM\startu
p_gd32w51x.s

UsageFault_Handler 00000010

Symbol: UsageFault_Handler
   Definitions
      At line 219 in file ..\..\..\Firmware\CMSIS\GD\GD32W51x\Source\ARM\startu
p_gd32w51x.s
   Uses
      At line 66 in file ..\..\..\Firmware\CMSIS\GD\GD32W51x\Source\ARM\startup
_gd32w51x.s
      At line 220 in file ..\..\..\Firmware\CMSIS\GD\GD32W51x\Source\ARM\startu
p_gd32w51x.s

VLVDF_IRQHandler 0000001C

Symbol: VLVDF_IRQHandler
   Definitions
      At line 373 in file ..\..\..\Firmware\CMSIS\GD\GD32W51x\Source\ARM\startu
p_gd32w51x.s
   Uses
      At line 120 in file ..\..\..\Firmware\CMSIS\GD\GD32W51x\Source\ARM\startu
p_gd32w51x.s
      At line 292 in file ..\..\..\Firmware\CMSIS\GD\GD32W51x\Source\ARM\startu
p_gd32w51x.s

WLAN_Cmn_IRQHandler 0000001C

Symbol: WLAN_Cmn_IRQHandler
   Definitions
      At line 401 in file ..\..\..\Firmware\CMSIS\GD\GD32W51x\Source\ARM\startu
p_gd32w51x.s
   Uses
      At line 171 in file ..\..\..\Firmware\CMSIS\GD\GD32W51x\Source\ARM\startu
p_gd32w51x.s
      At line 320 in file ..\..\..\Firmware\CMSIS\GD\GD32W51x\Source\ARM\startu
p_gd32w51x.s

WLAN_Rx_IRQHandler 0000001C

Symbol: WLAN_Rx_IRQHandler
   Definitions
      At line 399 in file ..\..\..\Firmware\CMSIS\GD\GD32W51x\Source\ARM\startu
p_gd32w51x.s
   Uses
      At line 169 in file ..\..\..\Firmware\CMSIS\GD\GD32W51x\Source\ARM\startu
p_gd32w51x.s
      At line 318 in file ..\..\..\Firmware\CMSIS\GD\GD32W51x\Source\ARM\startu
p_gd32w51x.s




ARM Macro Assembler    Page 19 Alphabetic symbol ordering
Relocatable symbols

WLAN_Tx_IRQHandler 0000001C

Symbol: WLAN_Tx_IRQHandler
   Definitions
      At line 400 in file ..\..\..\Firmware\CMSIS\GD\GD32W51x\Source\ARM\startu
p_gd32w51x.s
   Uses
      At line 170 in file ..\..\..\Firmware\CMSIS\GD\GD32W51x\Source\ARM\startu
p_gd32w51x.s
      At line 319 in file ..\..\..\Firmware\CMSIS\GD\GD32W51x\Source\ARM\startu
p_gd32w51x.s

WLAN_WKUP_IRQHandler 0000001C

Symbol: WLAN_WKUP_IRQHandler
   Definitions
      At line 390 in file ..\..\..\Firmware\CMSIS\GD\GD32W51x\Source\ARM\startu
p_gd32w51x.s
   Uses
      At line 144 in file ..\..\..\Firmware\CMSIS\GD\GD32W51x\Source\ARM\startu
p_gd32w51x.s
      At line 309 in file ..\..\..\Firmware\CMSIS\GD\GD32W51x\Source\ARM\startu
p_gd32w51x.s

WWDGT_IRQHandler 0000001C

Symbol: WWDGT_IRQHandler
   Definitions
      At line 331 in file ..\..\..\Firmware\CMSIS\GD\GD32W51x\Source\ARM\startu
p_gd32w51x.s
   Uses
      At line 78 in file ..\..\..\Firmware\CMSIS\GD\GD32W51x\Source\ARM\startup
_gd32w51x.s
      At line 250 in file ..\..\..\Firmware\CMSIS\GD\GD32W51x\Source\ARM\startu
p_gd32w51x.s

92 symbols



ARM Macro Assembler    Page 1 Alphabetic symbol ordering
Absolute symbols

Heap_Size 00000400

Symbol: Heap_Size
   Definitions
      At line 44 in file ..\..\..\Firmware\CMSIS\GD\GD32W51x\Source\ARM\startup
_gd32w51x.s
   Uses
      At line 48 in file ..\..\..\Firmware\CMSIS\GD\GD32W51x\Source\ARM\startup
_gd32w51x.s
Comment: Heap_Size used once
Stack_Size 00000400

Symbol: Stack_Size
   Definitions
      At line 33 in file ..\..\..\Firmware\CMSIS\GD\GD32W51x\Source\ARM\startup
_gd32w51x.s
   Uses
      At line 36 in file ..\..\..\Firmware\CMSIS\GD\GD32W51x\Source\ARM\startup
_gd32w51x.s
Comment: Stack_Size used once
__Vectors_Size 000001D8

Symbol: __Vectors_Size
   Definitions
      At line 183 in file ..\..\..\Firmware\CMSIS\GD\GD32W51x\Source\ARM\startu
p_gd32w51x.s
   Uses
      At line 58 in file ..\..\..\Firmware\CMSIS\GD\GD32W51x\Source\ARM\startup
_gd32w51x.s
Comment: __Vectors_Size used once
3 symbols



ARM Macro Assembler    Page 1 Alphabetic symbol ordering
External symbols

SystemInit 00000000

Symbol: SystemInit
   Definitions
      At line 190 in file ..\..\..\Firmware\CMSIS\GD\GD32W51x\Source\ARM\startu
p_gd32w51x.s
   Uses
      At line 192 in file ..\..\..\Firmware\CMSIS\GD\GD32W51x\Source\ARM\startu
p_gd32w51x.s
Comment: SystemInit used once
__main 00000000

Symbol: __main
   Definitions
      At line 191 in file ..\..\..\Firmware\CMSIS\GD\GD32W51x\Source\ARM\startu
p_gd32w51x.s
   Uses
      At line 194 in file ..\..\..\Firmware\CMSIS\GD\GD32W51x\Source\ARM\startu
p_gd32w51x.s
Comment: __main used once
2 symbols
443 symbols in table
